TN:
SF:projects/ng-google-gtag/src/test.ts
FNF:0
FNH:0
DA:19,1
DA:24,1
DA:27,1
LF:3
LH:3
BRF:0
BRH:0
end_of_record
TN:
SF:projects/ng-google-gtag/src/lib/gtag.module.ts
FN:20,(anonymous_0)
FN:27,(anonymous_1)
FN:27,(anonymous_2)
FNF:3
FNH:3
FNDA:1,(anonymous_0)
FNDA:1,(anonymous_1)
FNDA:1,(anonymous_2)
DA:18,1
DA:21,1
DA:27,1
LF:3
LH:3
BRF:0
BRH:0
end_of_record
TN:
SF:projects/ng-google-gtag/src/lib/gtag.service.ts
FN:13,(anonymous_0)
FN:11,(anonymous_1)
FN:16,(anonymous_2)
FN:53,(anonymous_4)
FN:65,(anonymous_5)
FNF:5
FNH:5
FNDA:3,(anonymous_0)
FNDA:3,(anonymous_1)
FNDA:2,(anonymous_2)
FNDA:2,(anonymous_4)
FNDA:2,(anonymous_5)
DA:8,1
DA:11,3
DA:13,3
DA:23,2
DA:25,2
DA:26,2
DA:33,2
DA:52,2
DA:53,2
DA:55,2
DA:57,2
DA:59,2
DA:60,2
DA:66,2
DA:68,2
DA:69,0
DA:73,0
DA:78,2
DA:82,2
LF:19
LH:17
BRDA:25,0,0,2
BRDA:25,0,1,0
BRDA:59,1,0,2
BRDA:59,1,1,0
BRDA:68,2,0,0
BRDA:68,2,1,2
BRF:6
BRH:3
end_of_record
