TN:
SF:src/public-api.ts
FNF:0
FNH:0
LF:0
LH:0
BRF:0
BRH:0
end_of_record
TN:
SF:src/test.ts
FNF:0
FNH:0
DA:16,1
DA:22,1
DA:24,1
LF:3
LH:3
BRF:0
BRH:0
end_of_record
TN:
SF:src/lib/click-outside/click-outside.directive.ts
FN:8,(anonymous_0)
FN:18,(anonymous_1)
FNF:2
FNH:0
FNDA:0,(anonymous_0)
FNDA:0,(anonymous_1)
DA:6,1
DA:8,0
DA:12,0
DA:15,0
DA:19,0
DA:20,0
DA:21,0
DA:22,0
LF:8
LH:1
BRDA:19,0,0,0
BRDA:19,0,1,0
BRDA:21,1,0,0
BRDA:21,1,1,0
BRF:4
BRH:0
end_of_record
TN:
SF:src/lib/click-outside/click-outside.module.ts
FNF:0
FNH:0
DA:8,1
LF:1
LH:1
BRF:0
BRH:0
end_of_record
TN:
SF:src/lib/form/generic-forms.module.ts
FNF:0
FNH:0
DA:37,1
LF:1
LH:1
BRF:0
BRH:0
end_of_record
TN:
SF:src/lib/form/components/base-form.component.ts
FN:6,(anonymous_0)
FN:15,(anonymous_1)
FN:19,(anonymous_2)
FN:33,(anonymous_3)
FN:41,(anonymous_4)
FN:42,(anonymous_5)
FN:47,(anonymous_6)
FNF:7
FNH:7
FNDA:6,(anonymous_0)
FNDA:1,(anonymous_1)
FNDA:3,(anonymous_2)
FNDA:3,(anonymous_3)
FNDA:3,(anonymous_4)
FNDA:3,(anonymous_5)
FNDA:1,(anonymous_6)
DA:9,6
DA:10,6
DA:12,6
DA:13,6
DA:16,1
DA:20,3
DA:21,3
DA:22,3
DA:23,3
DA:25,3
DA:26,2
DA:28,1
DA:29,1
DA:34,3
DA:36,3
DA:37,0
DA:42,3
DA:43,3
DA:48,1
LF:19
LH:18
BRDA:25,0,0,2
BRDA:25,0,1,1
BRDA:34,1,0,0
BRDA:34,1,1,3
BRDA:34,2,0,3
BRDA:34,2,1,3
BRDA:36,3,0,0
BRDA:36,3,1,3
BRDA:43,4,0,0
BRDA:43,4,1,3
BRDA:43,5,0,3
BRDA:43,5,1,3
BRF:12
BRH:9
end_of_record
TN:
SF:src/lib/form/components/base-generic-field.component.ts
FN:34,(anonymous_1)
FN:40,(anonymous_2)
FN:46,(anonymous_3)
FN:55,(anonymous_4)
FN:56,(anonymous_5)
FN:61,(anonymous_6)
FN:67,(anonymous_7)
FN:68,(anonymous_8)
FN:77,(anonymous_9)
FNF:9
FNH:8
FNDA:1,(anonymous_1)
FNDA:5,(anonymous_2)
FNDA:5,(anonymous_3)
FNDA:5,(anonymous_4)
FNDA:2,(anonymous_5)
FNDA:3,(anonymous_6)
FNDA:3,(anonymous_7)
FNDA:3,(anonymous_8)
FNDA:0,(anonymous_9)
DA:8,1
DA:20,11
DA:23,11
DA:26,11
DA:29,11
DA:35,1
DA:36,1
DA:41,5
DA:42,5
DA:43,5
DA:47,5
DA:48,1
DA:49,1
DA:51,4
DA:56,5
DA:57,2
DA:62,3
DA:63,3
DA:64,3
DA:68,3
DA:69,3
DA:70,1
DA:72,2
DA:78,0
DA:79,0
LF:25
LH:23
BRDA:35,0,0,1
BRDA:35,0,1,0
BRDA:35,1,0,1
BRDA:35,1,1,1
BRDA:35,1,2,1
BRDA:47,2,0,1
BRDA:47,2,1,4
BRDA:47,3,0,4
BRDA:47,3,1,1
BRDA:47,4,0,5
BRDA:47,4,1,5
BRDA:68,5,0,0
BRDA:68,5,1,3
BRDA:68,6,0,3
BRDA:68,6,1,3
BRDA:69,7,0,1
BRDA:69,7,1,2
BRDA:78,8,0,0
BRDA:78,8,1,0
BRF:19
BRH:15
end_of_record
TN:
SF:src/lib/form/components/base-server-error-form.component.ts
FN:16,(anonymous_0)
FN:20,(anonymous_1)
FN:24,(anonymous_2)
FN:25,(anonymous_3)
FN:30,(anonymous_4)
FN:37,(anonymous_5)
FN:41,(anonymous_6)
FN:49,(anonymous_7)
FN:51,(anonymous_8)
FN:54,(anonymous_9)
FN:61,(anonymous_10)
FNF:11
FNH:1
FNDA:1,(anonymous_0)
FNDA:0,(anonymous_1)
FNDA:0,(anonymous_2)
FNDA:0,(anonymous_3)
FNDA:0,(anonymous_4)
FNDA:0,(anonymous_5)
FNDA:0,(anonymous_6)
FNDA:0,(anonymous_7)
FNDA:0,(anonymous_8)
FNDA:0,(anonymous_9)
FNDA:0,(anonymous_10)
DA:11,1
DA:14,1
DA:17,1
DA:21,0
DA:25,0
DA:26,0
DA:31,0
DA:32,0
DA:33,0
DA:38,0
DA:42,0
DA:43,0
DA:44,0
DA:45,0
DA:50,0
DA:51,0
DA:55,0
DA:56,0
DA:57,0
DA:62,0
LF:20
LH:3
BRDA:31,0,0,0
BRDA:31,0,1,0
BRDA:38,1,0,0
BRDA:38,1,1,0
BRDA:45,2,0,0
BRDA:45,2,1,0
BRDA:45,3,0,0
BRDA:45,3,1,0
BRDA:56,4,0,0
BRDA:56,4,1,0
BRF:10
BRH:0
end_of_record
TN:
SF:src/lib/form/components/generic-checkbox/generic-checkbox.component.ts
FNF:0
FNH:0
DA:10,1
LF:1
LH:1
BRF:0
BRH:0
end_of_record
TN:
SF:src/lib/form/components/generic-error-messages/generic-error-messages.component.ts
FN:19,(anonymous_1)
FNF:1
FNH:1
FNDA:1,(anonymous_1)
DA:9,1
DA:15,1
DA:17,1
DA:20,1
LF:4
LH:4
BRF:0
BRH:0
end_of_record
TN:
SF:src/lib/form/components/generic-input/generic-input.component.ts
FNF:0
FNH:0
DA:10,1
DA:13,1
LF:2
LH:2
BRF:0
BRH:0
end_of_record
TN:
SF:src/lib/form/components/generic-password/generic-password.component.ts
FN:23,(anonymous_1)
FNF:1
FNH:0
FNDA:0,(anonymous_1)
DA:10,1
DA:12,1
DA:24,0
DA:25,0
DA:27,0
LF:5
LH:2
BRDA:24,0,0,0
BRDA:24,0,1,0
BRF:2
BRH:0
end_of_record
TN:
SF:src/lib/form/components/generic-radio/generic-radio.component.ts
FNF:0
FNH:0
DA:11,1
DA:13,1
LF:2
LH:2
BRF:0
BRH:0
end_of_record
TN:
SF:src/lib/form/components/generic-select/generic-select.component.ts
FNF:0
FNH:0
DA:11,1
DA:14,1
LF:2
LH:2
BRF:0
BRH:0
end_of_record
TN:
SF:src/lib/form/directives/form-error-message/form-error-message.directive.ts
FN:10,(anonymous_0)
FN:14,(anonymous_1)
FN:18,(anonymous_2)
FNF:3
FNH:3
FNDA:10,(anonymous_0)
FNDA:12,(anonymous_1)
FNDA:3,(anonymous_2)
DA:5,1
DA:10,10
DA:11,10
DA:15,12
DA:19,3
LF:5
LH:5
BRF:0
BRH:0
end_of_record
TN:
SF:src/lib/form/helpers/form.helper.ts
FN:4,(anonymous_0)
FN:7,(anonymous_1)
FNF:2
FNH:2
FNDA:3,(anonymous_0)
FNDA:2,(anonymous_1)
DA:5,3
DA:6,2
DA:7,2
DA:9,1
LF:4
LH:4
BRDA:5,0,0,2
BRDA:5,0,1,1
BRF:2
BRH:2
end_of_record
TN:
SF:src/lib/form/model/form-error-type.ts
FN:1,(anonymous_0)
FNF:1
FNH:1
FNDA:1,(anonymous_0)
DA:1,1
DA:2,1
DA:3,1
DA:4,1
DA:5,1
DA:6,1
DA:7,1
DA:8,1
DA:9,1
DA:10,1
LF:10
LH:10
BRDA:1,0,0,1
BRDA:1,0,1,1
BRF:2
BRH:2
end_of_record
TN:
SF:src/lib/form/model/input-autofill.ts
FN:1,(anonymous_0)
FNF:1
FNH:1
FNDA:1,(anonymous_0)
DA:1,1
DA:2,1
DA:3,1
DA:4,1
DA:5,1
DA:6,1
DA:7,1
DA:8,1
DA:9,1
DA:10,1
DA:11,1
DA:12,1
DA:13,1
DA:14,1
DA:15,1
DA:16,1
DA:17,1
DA:18,1
DA:19,1
DA:20,1
DA:21,1
DA:22,1
DA:23,1
DA:24,1
DA:25,1
DA:26,1
DA:27,1
DA:28,1
DA:29,1
DA:30,1
DA:31,1
DA:32,1
DA:33,1
DA:34,1
DA:35,1
DA:36,1
DA:37,1
DA:38,1
DA:39,1
DA:40,1
DA:41,1
DA:42,1
DA:43,1
DA:44,1
DA:45,1
LF:45
LH:45
BRDA:1,0,0,1
BRDA:1,0,1,1
BRF:2
BRH:2
end_of_record
TN:
SF:src/lib/image-gallery/base-image-gallery.component.ts
FN:38,(anonymous_0)
FN:15,(anonymous_1)
FN:42,(anonymous_2)
FN:45,(anonymous_3)
FN:51,(anonymous_4)
FN:52,(anonymous_5)
FN:58,(anonymous_6)
FN:62,(anonymous_7)
FN:66,(anonymous_8)
FN:78,(anonymous_9)
FN:84,(anonymous_10)
FN:88,(anonymous_11)
FN:94,(anonymous_12)
FN:98,(anonymous_13)
FN:103,(anonymous_14)
FN:113,(anonymous_15)
FN:123,(anonymous_16)
FN:129,(anonymous_17)
FN:130,(anonymous_18)
FNF:19
FNH:12
FNDA:10,(anonymous_0)
FNDA:0,(anonymous_1)
FNDA:0,(anonymous_2)
FNDA:0,(anonymous_3)
FNDA:0,(anonymous_4)
FNDA:0,(anonymous_5)
FNDA:0,(anonymous_6)
FNDA:0,(anonymous_7)
FNDA:9,(anonymous_8)
FNDA:11,(anonymous_9)
FNDA:56,(anonymous_10)
FNDA:23,(anonymous_11)
FNDA:23,(anonymous_12)
FNDA:23,(anonymous_13)
FNDA:12,(anonymous_14)
FNDA:2,(anonymous_15)
FNDA:1,(anonymous_16)
FNDA:11,(anonymous_17)
FNDA:24,(anonymous_18)
DA:7,1
DA:10,10
DA:13,10
DA:17,0
DA:18,0
DA:20,0
DA:24,10
DA:27,10
DA:30,10
DA:31,10
DA:33,10
DA:34,10
DA:36,10
DA:38,10
DA:39,10
DA:43,0
DA:45,0
DA:46,0
DA:51,0
DA:52,0
DA:59,0
DA:63,0
DA:67,9
DA:69,9
DA:70,0
DA:73,9
DA:74,9
DA:79,11
DA:80,9
DA:85,56
DA:89,23
DA:90,23
DA:91,23
DA:95,23
DA:99,23
DA:100,23
DA:104,12
DA:105,10
DA:106,10
DA:107,10
DA:109,2
DA:114,2
DA:115,1
DA:116,1
DA:117,1
DA:119,1
DA:124,1
DA:125,1
DA:130,24
LF:49
LH:38
BRDA:17,0,0,0
BRDA:17,0,1,0
BRDA:43,1,0,0
BRDA:43,1,1,0
BRDA:67,2,0,9
BRDA:67,2,1,0
BRDA:67,3,0,9
BRDA:67,3,1,0
BRDA:69,4,0,0
BRDA:69,4,1,9
BRDA:69,5,0,9
BRDA:69,5,1,9
BRDA:69,5,2,0
BRDA:73,6,0,9
BRDA:73,6,1,0
BRDA:79,7,0,9
BRDA:79,7,1,2
BRDA:79,8,0,11
BRDA:79,8,1,9
BRDA:85,9,0,2
BRDA:85,9,1,54
BRDA:85,10,0,56
BRDA:85,10,1,54
BRDA:95,11,0,23
BRDA:95,11,1,22
BRDA:95,12,0,1
BRDA:95,12,1,21
BRDA:95,13,0,22
BRDA:95,13,1,21
BRDA:99,14,0,1
BRDA:99,14,1,22
BRDA:99,15,0,23
BRDA:99,15,1,22
BRDA:100,16,0,23
BRDA:100,16,1,22
BRDA:100,17,0,1
BRDA:100,17,1,21
BRDA:100,18,0,22
BRDA:100,18,1,21
BRDA:104,19,0,10
BRDA:104,19,1,2
BRDA:114,20,0,1
BRDA:114,20,1,1
BRDA:124,21,0,1
BRDA:124,21,1,0
BRF:45
BRH:35
end_of_record
TN:
SF:src/lib/image-gallery/image-gallery.component.ts
FN:12,(anonymous_0)
FNF:1
FNH:1
FNDA:1,(anonymous_0)
DA:11,1
DA:13,1
LF:2
LH:2
BRF:0
BRH:0
end_of_record
TN:
SF:src/lib/image-gallery/image-gallery.module.ts
FNF:0
FNH:0
DA:16,1
LF:1
LH:1
BRF:0
BRH:0
end_of_record
TN:
SF:src/lib/image-gallery/image.ts
FN:6,(anonymous_0)
FNF:1
FNH:0
FNDA:0,(anonymous_0)
DA:7,0
DA:8,0
DA:9,0
LF:3
LH:0
BRF:0
BRH:0
end_of_record
TN:
SF:src/lib/modals/modal.module.ts
FNF:0
FNH:0
DA:15,1
LF:1
LH:1
BRF:0
BRH:0
end_of_record
TN:
SF:src/lib/modals/components/base-dynamic-modal.component.ts
FN:13,(anonymous_1)
FN:17,(anonymous_2)
FNF:2
FNH:1
FNDA:0,(anonymous_1)
FNDA:3,(anonymous_2)
DA:5,1
DA:10,6
DA:14,0
DA:18,3
LF:4
LH:3
BRF:0
BRH:0
end_of_record
TN:
SF:src/lib/modals/components/modal-frame/modal-frame.component.ts
FNF:0
FNH:0
DA:5,1
DA:16,1
DA:34,1
LF:3
LH:3
BRF:0
BRH:0
end_of_record
TN:
SF:src/lib/modals/components/simple-modal/simple-modal.component.ts
FNF:0
FNH:0
DA:10,1
DA:13,4
DA:16,4
DA:19,4
LF:4
LH:4
BRF:0
BRH:0
end_of_record
TN:
SF:src/lib/modals/services/dynamic-modal.service.ts
FN:17,(anonymous_0)
FN:25,(anonymous_1)
FN:33,(anonymous_3)
FN:40,(anonymous_4)
FN:46,(anonymous_5)
FN:47,(anonymous_6)
FN:48,(anonymous_7)
FN:55,(anonymous_8)
FN:68,(anonymous_9)
FN:69,(anonymous_10)
FN:74,(anonymous_11)
FNF:11
FNH:11
FNDA:3,(anonymous_0)
FNDA:1,(anonymous_1)
FNDA:1,(anonymous_3)
FNDA:2,(anonymous_4)
FNDA:2,(anonymous_5)
FNDA:2,(anonymous_6)
FNDA:2,(anonymous_7)
FNDA:2,(anonymous_8)
FNDA:2,(anonymous_9)
FNDA:2,(anonymous_10)
FNDA:2,(anonymous_11)
DA:15,1
DA:17,3
DA:18,3
DA:19,3
DA:26,1
DA:27,1
DA:34,1
DA:35,1
DA:37,1
DA:41,2
DA:42,2
DA:43,2
DA:47,2
DA:48,2
DA:49,2
DA:50,2
DA:56,2
DA:57,2
DA:58,2
DA:59,2
DA:61,2
DA:62,2
DA:63,2
DA:65,2
DA:69,2
DA:70,2
DA:75,2
LF:27
LH:27
BRF:0
BRH:0
end_of_record
TN:
SF:src/lib/range-slider/range-slider.component.ts
FN:16,(anonymous_0)
FN:21,(anonymous_1)
FN:39,(anonymous_2)
FN:45,(anonymous_3)
FN:96,(anonymous_4)
FN:104,(anonymous_5)
FN:113,(anonymous_6)
FN:123,(anonymous_7)
FN:132,(anonymous_8)
FN:158,(anonymous_9)
FN:165,(anonymous_10)
FN:174,(anonymous_11)
FN:180,(anonymous_12)
FN:185,(anonymous_13)
FN:194,(anonymous_14)
FN:203,(anonymous_15)
FN:208,(anonymous_16)
FN:212,(anonymous_17)
FN:216,(anonymous_18)
FN:220,(anonymous_19)
FN:224,(anonymous_20)
FN:243,(anonymous_21)
FN:262,(anonymous_22)
FN:287,(anonymous_23)
FN:306,(anonymous_24)
FN:311,(anonymous_25)
FN:333,(anonymous_26)
FN:339,(anonymous_27)
FN:376,(anonymous_28)
FN:381,(anonymous_29)
FN:389,(anonymous_30)
FN:31,(anonymous_32)
FN:34,(anonymous_33)
FNF:33
FNH:3
FNDA:1,(anonymous_0)
FNDA:0,(anonymous_1)
FNDA:1,(anonymous_2)
FNDA:1,(anonymous_3)
FNDA:0,(anonymous_4)
FNDA:0,(anonymous_5)
FNDA:0,(anonymous_6)
FNDA:0,(anonymous_7)
FNDA:0,(anonymous_8)
FNDA:0,(anonymous_9)
FNDA:0,(anonymous_10)
FNDA:0,(anonymous_11)
FNDA:0,(anonymous_12)
FNDA:0,(anonymous_13)
FNDA:0,(anonymous_14)
FNDA:0,(anonymous_15)
FNDA:0,(anonymous_16)
FNDA:0,(anonymous_17)
FNDA:0,(anonymous_18)
FNDA:0,(anonymous_19)
FNDA:0,(anonymous_20)
FNDA:0,(anonymous_21)
FNDA:0,(anonymous_22)
FNDA:0,(anonymous_23)
FNDA:0,(anonymous_24)
FNDA:0,(anonymous_25)
FNDA:0,(anonymous_26)
FNDA:0,(anonymous_27)
FNDA:0,(anonymous_28)
FNDA:0,(anonymous_29)
FNDA:0,(anonymous_30)
FNDA:0,(anonymous_32)
FNDA:0,(anonymous_33)
DA:16,1
DA:17,1
DA:18,1
DA:21,1
DA:31,0
DA:34,0
DA:37,1
DA:39,1
DA:40,1
DA:41,1
DA:42,1
DA:46,1
DA:47,1
DA:48,0
DA:49,0
DA:50,0
DA:56,1
DA:57,1
DA:66,1
DA:67,1
DA:71,1
DA:72,1
DA:81,1
DA:82,1
DA:85,1
DA:89,1
DA:97,0
DA:98,0
DA:105,0
DA:106,0
DA:107,0
DA:114,0
DA:115,0
DA:116,0
DA:124,0
DA:125,0
DA:126,0
DA:127,0
DA:128,0
DA:133,0
DA:134,0
DA:135,0
DA:136,0
DA:137,0
DA:139,0
DA:140,0
DA:141,0
DA:142,0
DA:143,0
DA:144,0
DA:145,0
DA:146,0
DA:147,0
DA:148,0
DA:153,0
DA:154,0
DA:159,0
DA:160,0
DA:162,0
DA:166,0
DA:167,0
DA:168,0
DA:169,0
DA:170,0
DA:171,0
DA:175,0
DA:176,0
DA:181,0
DA:182,0
DA:186,0
DA:187,0
DA:188,0
DA:189,0
DA:190,0
DA:191,0
DA:195,0
DA:196,0
DA:197,0
DA:198,0
DA:199,0
DA:200,0
DA:204,0
DA:205,0
DA:209,0
DA:213,0
DA:217,0
DA:221,0
DA:225,0
DA:226,0
DA:227,0
DA:228,0
DA:229,0
DA:230,0
DA:231,0
DA:232,0
DA:233,0
DA:234,0
DA:236,0
DA:237,0
DA:239,0
DA:244,0
DA:245,0
DA:246,0
DA:247,0
DA:248,0
DA:249,0
DA:250,0
DA:251,0
DA:252,0
DA:253,0
DA:254,0
DA:256,0
DA:257,0
DA:263,0
DA:264,0
DA:265,0
DA:266,0
DA:267,0
DA:268,0
DA:269,0
DA:270,0
DA:271,0
DA:272,0
DA:273,0
DA:274,0
DA:275,0
DA:276,0
DA:278,0
DA:279,0
DA:280,0
DA:284,0
DA:288,0
DA:289,0
DA:290,0
DA:291,0
DA:292,0
DA:293,0
DA:294,0
DA:295,0
DA:296,0
DA:297,0
DA:298,0
DA:299,0
DA:300,0
DA:301,0
DA:303,0
DA:307,0
DA:308,0
DA:312,0
DA:313,0
DA:314,0
DA:315,0
DA:317,0
DA:319,0
DA:320,0
DA:321,0
DA:323,0
DA:324,0
DA:326,0
DA:330,0
DA:334,0
DA:335,0
DA:340,0
DA:341,0
DA:342,0
DA:343,0
DA:344,0
DA:345,0
DA:346,0
DA:347,0
DA:348,0
DA:350,0
DA:351,0
DA:352,0
DA:355,0
DA:356,0
DA:357,0
DA:358,0
DA:359,0
DA:360,0
DA:361,0
DA:362,0
DA:364,0
DA:365,0
DA:366,0
DA:370,0
DA:372,0
DA:377,0
DA:378,0
DA:382,0
DA:383,0
DA:384,0
DA:390,0
DA:391,0
DA:392,0
DA:394,0
DA:395,0
DA:396,0
DA:397,0
DA:398,0
DA:399,0
DA:400,0
DA:403,0
DA:404,0
DA:405,0
DA:406,0
DA:407,0
DA:408,0
DA:410,0
DA:413,0
DA:415,0
DA:416,0
DA:417,0
DA:418,0
DA:419,0
DA:420,0
DA:421,0
DA:423,0
DA:424,0
DA:425,0
DA:426,0
DA:427,0
DA:428,0
DA:429,0
DA:433,0
LF:225
LH:21
BRDA:16,0,0,1
BRDA:16,0,1,1
BRDA:47,1,0,0
BRDA:47,1,1,1
BRDA:97,2,0,0
BRDA:97,2,1,0
BRDA:105,3,0,0
BRDA:105,3,1,0
BRDA:105,4,0,0
BRDA:105,4,1,0
BRDA:114,5,0,0
BRDA:114,5,1,0
BRDA:114,6,0,0
BRDA:114,6,1,0
BRDA:124,7,0,0
BRDA:124,7,1,0
BRDA:124,8,0,0
BRDA:124,8,1,0
BRDA:124,8,2,0
BRDA:133,9,0,0
BRDA:133,9,1,0
BRDA:134,10,0,0
BRDA:134,10,1,0
BRDA:136,11,0,0
BRDA:136,11,1,0
BRDA:139,12,0,0
BRDA:139,12,1,0
BRDA:141,13,0,0
BRDA:141,13,1,0
BRDA:143,14,0,0
BRDA:143,14,1,0
BRDA:145,15,0,0
BRDA:145,15,1,0
BRDA:147,16,0,0
BRDA:147,16,1,0
BRDA:225,17,0,0
BRDA:225,17,1,0
BRDA:225,18,0,0
BRDA:225,18,1,0
BRDA:225,18,2,0
BRDA:225,18,3,0
BRDA:230,19,0,0
BRDA:230,19,1,0
BRDA:230,20,0,0
BRDA:230,20,1,0
BRDA:233,21,0,0
BRDA:233,21,1,0
BRDA:233,22,0,0
BRDA:233,22,1,0
BRDA:246,23,0,0
BRDA:246,23,1,0
BRDA:249,24,0,0
BRDA:249,24,1,0
BRDA:249,25,0,0
BRDA:249,25,1,0
BRDA:249,25,2,0
BRDA:254,26,0,0
BRDA:254,26,1,0
BRDA:267,27,0,0
BRDA:267,27,1,0
BRDA:268,28,0,0
BRDA:268,28,1,0
BRDA:271,29,0,0
BRDA:271,29,1,0
BRDA:273,30,0,0
BRDA:273,30,1,0
BRDA:274,31,0,0
BRDA:274,31,1,0
BRDA:292,32,0,0
BRDA:292,32,1,0
BRDA:297,33,0,0
BRDA:297,33,1,0
BRDA:312,34,0,0
BRDA:312,34,1,0
BRDA:314,35,0,0
BRDA:314,35,1,0
BRDA:320,36,0,0
BRDA:320,36,1,0
BRDA:323,37,0,0
BRDA:323,37,1,0
BRDA:340,38,0,0
BRDA:340,38,1,0
BRDA:340,39,0,0
BRDA:340,39,1,0
BRDA:341,40,0,0
BRDA:341,40,1,0
BRDA:345,41,0,0
BRDA:345,41,1,0
BRDA:346,42,0,0
BRDA:346,42,1,0
BRDA:351,43,0,0
BRDA:351,43,1,0
BRDA:355,44,0,0
BRDA:355,44,1,0
BRDA:359,45,0,0
BRDA:359,45,1,0
BRDA:360,46,0,0
BRDA:360,46,1,0
BRDA:365,47,0,0
BRDA:365,47,1,0
BRDA:365,48,0,0
BRDA:365,48,1,0
BRDA:382,49,0,0
BRDA:382,49,1,0
BRDA:390,50,0,0
BRDA:390,50,1,0
BRDA:391,51,0,0
BRDA:391,51,1,0
BRDA:391,52,0,0
BRDA:391,52,1,0
BRDA:392,53,0,0
BRDA:392,53,1,0
BRDA:394,54,0,0
BRDA:394,54,1,0
BRDA:397,55,0,0
BRDA:397,55,1,0
BRDA:403,56,0,0
BRDA:403,56,1,0
BRDA:406,57,0,0
BRDA:406,57,1,0
BRDA:413,58,0,0
BRDA:413,58,1,0
BRDA:415,59,0,0
BRDA:415,59,1,0
BRDA:418,60,0,0
BRDA:418,60,1,0
BRDA:423,61,0,0
BRDA:423,61,1,0
BRDA:426,62,0,0
BRDA:426,62,1,0
BRF:130
BRH:3
end_of_record
TN:
SF:src/lib/range-slider/range-slider.module.ts
FNF:0
FNH:0
DA:21,1
LF:1
LH:1
BRF:0
BRH:0
end_of_record
TN:
SF:src/lib/skeleton/skeleton.module.ts
FNF:0
FNH:0
DA:23,1
LF:1
LH:1
BRF:0
BRH:0
end_of_record
TN:
SF:src/lib/skeleton/skeleton-loader/skeleton-loader.component.ts
FN:17,(anonymous_1)
FNF:1
FNH:1
FNDA:4,(anonymous_1)
DA:10,1
DA:13,4
DA:15,4
DA:18,4
LF:4
LH:4
BRF:0
BRH:0
end_of_record
TN:
SF:src/lib/skeleton/skeleton-loader/skeleton-line/skeleton-line.component.ts
FN:18,(anonymous_1)
FN:26,(anonymous_2)
FN:32,(anonymous_3)
FNF:3
FNH:3
FNDA:8,(anonymous_1)
FNDA:1,(anonymous_2)
FNDA:2,(anonymous_3)
DA:8,1
DA:11,5
DA:14,5
DA:16,5
DA:19,8
DA:20,1
DA:21,7
DA:22,1
DA:27,1
DA:28,1
DA:29,1
DA:33,2
LF:12
LH:12
BRDA:19,0,0,1
BRDA:19,0,1,7
BRDA:19,1,0,1
BRDA:19,1,1,7
BRDA:19,2,0,8
BRDA:19,2,1,7
BRDA:21,3,0,1
BRDA:21,3,1,6
BRDA:21,4,0,1
BRDA:21,4,1,6
BRDA:21,5,0,7
BRDA:21,5,1,6
BRF:12
BRH:12
end_of_record
TN:
SF:src/lib/skeleton/skeleton-loader/skeleton-rect/skeleton-rect.component.ts
FNF:0
FNH:0
DA:8,1
DA:11,5
DA:14,5
DA:17,5
LF:4
LH:4
BRF:0
BRH:0
end_of_record
TN:
SF:src/lib/skeleton/skeleton-loader/skeleton-square/skeleton-square.component.ts
FN:19,(anonymous_1)
FNF:1
FNH:1
FNDA:3,(anonymous_1)
DA:8,1
DA:11,2
DA:14,2
DA:20,3
DA:21,3
LF:5
LH:5
BRF:0
BRH:0
end_of_record
TN:
SF:src/lib/toaster/toaster.module.ts
FN:15,(anonymous_0)
FN:24,(anonymous_1)
FNF:2
FNH:0
FNDA:0,(anonymous_0)
FNDA:0,(anonymous_1)
DA:5,1
DA:13,1
DA:16,0
DA:25,0
LF:4
LH:2
BRF:0
BRH:0
end_of_record
TN:
SF:src/lib/toaster/toaster.service.ts
FN:12,(anonymous_0)
FNF:1
FNH:1
FNDA:1,(anonymous_0)
DA:8,1
DA:13,1
DA:14,1
DA:15,1
LF:4
LH:4
BRDA:14,0,0,1
BRDA:14,0,1,0
BRF:2
BRH:1
end_of_record
TN:
SF:src/lib/toggle/toggle-button.component.ts
FN:19,(anonymous_1)
FN:23,(anonymous_2)
FN:37,(anonymous_3)
FN:41,(anonymous_4)
FN:46,(anonymous_5)
FNF:5
FNH:5
FNDA:6,(anonymous_1)
FNDA:2,(anonymous_2)
FNDA:6,(anonymous_3)
FNDA:2,(anonymous_4)
FNDA:3,(anonymous_5)
DA:11,1
DA:14,5
DA:21,6
DA:22,1
DA:23,2
DA:25,5
DA:26,5
DA:33,5
DA:35,5
DA:38,6
DA:42,2
DA:43,2
DA:47,3
DA:48,3
LF:14
LH:14
BRDA:21,0,0,1
BRDA:21,0,1,5
BRDA:23,1,0,1
BRDA:23,1,1,0
BRF:4
BRH:3
end_of_record
TN:
SF:src/lib/toggle/toggle-button.module.ts
FNF:0
FNH:0
DA:16,1
LF:1
LH:1
BRF:0
BRH:0
end_of_record
TN:
SF:src/lib/toggle/toggle.animation.ts
FNF:0
FNH:0
DA:4,1
LF:1
LH:1
BRF:0
BRH:0
end_of_record
TN:
SF:src/lib/unsaved-changes/base-unsaved-changes.component.ts
FN:9,(anonymous_0)
FN:15,(anonymous_1)
FN:19,(anonymous_2)
FNF:3
FNH:3
FNDA:8,(anonymous_0)
FNDA:2,(anonymous_1)
FNDA:7,(anonymous_2)
DA:5,1
DA:10,8
DA:11,8
DA:16,2
DA:20,7
LF:5
LH:5
BRF:0
BRH:0
end_of_record
TN:
SF:src/lib/unsaved-changes/unsaved-changes.guard.ts
FN:10,(anonymous_0)
FNF:1
FNH:1
FNDA:2,(anonymous_0)
DA:8,1
DA:14,2
LF:2
LH:2
BRDA:15,0,0,1
BRDA:15,0,1,1
BRF:2
BRH:2
end_of_record
TN:
SF:src/lib/unsaved-changes/unsaved-changes.module.ts
FNF:0
FNH:0
DA:8,1
LF:1
LH:1
BRF:0
BRH:0
end_of_record
TN:
SF:src/lib/wizard/base-wizard.component.ts
FN:19,(anonymous_1)
FN:23,(anonymous_2)
FN:27,(anonymous_3)
FN:31,(anonymous_4)
FN:37,(anonymous_5)
FN:43,(anonymous_6)
FN:48,(anonymous_7)
FN:52,(anonymous_8)
FN:56,(anonymous_9)
FNF:9
FNH:9
FNDA:6,(anonymous_1)
FNDA:1,(anonymous_2)
FNDA:11,(anonymous_3)
FNDA:3,(anonymous_4)
FNDA:2,(anonymous_5)
FNDA:11,(anonymous_6)
FNDA:1,(anonymous_7)
FNDA:11,(anonymous_8)
FNDA:12,(anonymous_9)
DA:5,1
DA:11,9
DA:14,9
DA:17,9
DA:20,6
DA:24,1
DA:28,11
DA:32,3
DA:33,2
DA:38,2
DA:39,1
DA:44,11
DA:45,11
DA:49,1
DA:53,11
DA:57,12
LF:16
LH:16
BRDA:32,0,0,2
BRDA:32,0,1,1
BRDA:38,1,0,1
BRDA:38,1,1,1
BRF:4
BRH:4
end_of_record
TN:
SF:src/lib/wizard/wizard-step.ts
FN:6,(anonymous_0)
FNF:1
FNH:1
FNDA:3,(anonymous_0)
DA:9,3
DA:10,3
DA:11,3
LF:3
LH:3
BRF:0
BRH:0
end_of_record
TN:
SF:src/lib/wizard/wizard.module.ts
FNF:0
FNH:0
DA:8,1
LF:1
LH:1
BRF:0
BRH:0
end_of_record
