TN:
SF:../ng-core/src/public-api.ts
FNF:0
FNH:0
LF:0
LH:0
BRF:0
BRH:0
end_of_record
TN:
SF:../ng-core/src/test.ts
FNF:0
FNH:0
DA:19,1
DA:24,1
DA:27,1
LF:3
LH:3
BRF:0
BRH:0
end_of_record
TN:
SF:../ng-core/src/lib/annotations/retry-observable.ts
FN:13,RetryObservable
FN:15,(anonymous_1)
FN:18,(anonymous_2)
FN:28,retryRequest
FN:35,(anonymous_4)
FN:35,(anonymous_5)
FNF:6
FNH:6
FNDA:3,RetryObservable
FNDA:3,(anonymous_1)
FNDA:4,(anonymous_2)
FNDA:10,retryRequest
FNDA:6,(anonymous_4)
FNDA:6,(anonymous_5)
DA:15,3
DA:16,3
DA:18,3
DA:19,4
DA:21,4
DA:24,3
DA:29,10
DA:31,10
DA:32,3
DA:34,7
DA:35,6
DA:36,6
DA:37,6
LF:13
LH:13
BRDA:13,0,0,1
BRDA:31,1,0,3
BRDA:31,1,1,7
BRF:3
BRH:3
end_of_record
TN:
SF:../ng-core/src/lib/base/components/base-behavoir.component.ts
FN:7,(anonymous_0)
FNF:1
FNH:1
FNDA:11,(anonymous_0)
DA:6,1
DA:8,11
LF:2
LH:2
BRDA:8,0,0,1
BRDA:8,0,1,10
BRDA:8,1,0,11
BRDA:8,1,1,10
BRF:4
BRH:4
end_of_record
TN:
SF:../ng-core/src/lib/base/components/base-loading.component.ts
FN:9,(anonymous_1)
FNF:1
FNH:1
FNDA:2,(anonymous_1)
DA:5,1
DA:7,18
DA:10,2
DA:11,2
DA:12,2
DA:14,2
LF:6
LH:6
BRF:0
BRH:0
end_of_record
TN:
SF:../ng-core/src/lib/base/components/base-replay.component.ts
FN:6,(anonymous_0)
FN:8,(anonymous_2)
FNF:2
FNH:2
FNDA:3,(anonymous_0)
FNDA:4,(anonymous_2)
DA:7,3
DA:8,4
DA:9,3
LF:3
LH:3
BRDA:7,0,0,3
BRDA:7,0,1,0
BRDA:7,1,0,3
BRDA:7,1,1,3
BRF:4
BRH:3
end_of_record
TN:
SF:../ng-core/src/lib/base/components/base-subscription.component.ts
FN:8,(anonymous_1)
FN:9,(anonymous_2)
FN:15,(anonymous_3)
FNF:3
FNH:3
FNDA:3,(anonymous_1)
FNDA:4,(anonymous_2)
FNDA:20,(anonymous_3)
DA:5,1
DA:6,23
DA:9,3
DA:10,4
DA:12,3
DA:16,20
LF:6
LH:6
BRDA:10,0,0,1
BRDA:10,0,1,3
BRDA:10,1,0,4
BRDA:10,1,1,3
BRF:4
BRH:4
end_of_record
TN:
SF:../ng-core/src/lib/base/services/base-initializable.service.ts
FN:3,(anonymous_0)
FN:7,(anonymous_1)
FN:11,(anonymous_2)
FN:15,(anonymous_3)
FN:16,(anonymous_4)
FN:21,(anonymous_5)
FNF:6
FNH:6
FNDA:6,(anonymous_0)
FNDA:3,(anonymous_1)
FNDA:7,(anonymous_2)
FNDA:3,(anonymous_3)
FNDA:3,(anonymous_4)
FNDA:2,(anonymous_5)
DA:5,6
DA:8,3
DA:12,7
DA:16,3
DA:17,3
DA:18,3
DA:19,1
DA:21,1
DA:22,2
DA:23,1
DA:28,1
LF:11
LH:11
BRDA:18,0,0,1
BRDA:18,0,1,1
BRDA:22,1,0,1
BRDA:22,1,1,1
BRF:4
BRH:4
end_of_record
TN:
SF:../ng-core/src/lib/services/scroll-to-top.service.ts
FN:9,(anonymous_0)
FN:13,(anonymous_1)
FN:17,(anonymous_2)
FN:19,(anonymous_3)
FNF:4
FNH:4
FNDA:3,(anonymous_0)
FNDA:2,(anonymous_1)
FNDA:2,(anonymous_2)
FNDA:1,(anonymous_3)
DA:7,1
DA:9,3
DA:10,3
DA:14,2
DA:15,2
DA:17,2
DA:19,1
LF:7
LH:7
BRDA:13,0,0,0
BRDA:14,1,0,2
BRDA:14,1,1,0
BRDA:18,2,0,1
BRDA:18,2,1,1
BRF:5
BRH:3
end_of_record
TN:
SF:../ng-core/src/lib/universal/render.service.ts
FN:8,(anonymous_0)
FN:11,(anonymous_1)
FN:15,(anonymous_2)
FNF:3
FNH:2
FNDA:3,(anonymous_0)
FNDA:2,(anonymous_1)
FNDA:0,(anonymous_2)
DA:6,1
DA:8,3
DA:12,2
DA:16,0
LF:4
LH:3
BRF:0
BRH:0
end_of_record
TN:
SF:../ng-core/src/lib/universal/universal.module.ts
FNF:0
FNH:0
DA:4,1
LF:1
LH:1
BRF:0
BRH:0
end_of_record
TN:
SF:../ng-core/src/lib/utils/color.utils.ts
FN:8,(anonymous_0)
FN:21,(anonymous_1)
FN:25,(anonymous_2)
FN:35,(anonymous_3)
FN:43,(anonymous_4)
FN:60,(anonymous_5)
FN:66,(anonymous_6)
FN:113,(anonymous_7)
FNF:8
FNH:8
FNDA:10010,(anonymous_0)
FNDA:10007,(anonymous_1)
FNDA:2,(anonymous_2)
FNDA:6,(anonymous_3)
FNDA:3,(anonymous_4)
FNDA:13,(anonymous_5)
FNDA:16,(anonymous_6)
FNDA:30021,(anonymous_7)
DA:9,10010
DA:11,10010
DA:12,10010
DA:13,10010
DA:14,10010
DA:15,10010
DA:17,0
DA:22,10007
DA:26,2
DA:28,2
DA:29,1
DA:31,1
DA:36,6
DA:37,6
DA:38,6
DA:50,3
DA:51,1
DA:53,2
DA:56,3
DA:61,13
DA:62,13
DA:63,1
DA:65,12
DA:66,1
DA:67,16
DA:68,16
DA:69,13
DA:70,13
DA:71,0
DA:73,13
DA:75,3
DA:76,1
DA:78,2
DA:79,2
DA:81,2
DA:82,2
DA:83,1
DA:85,1
DA:88,15
DA:91,12
DA:97,12
DA:98,1
DA:100,11
DA:101,4
DA:103,7
DA:105,11
DA:106,11
DA:107,8
DA:109,3
DA:114,30021
DA:115,30021
LF:51
LH:49
BRDA:11,0,0,10010
BRDA:11,0,1,0
BRDA:25,1,0,2
BRDA:28,2,0,1
BRDA:28,2,1,1
BRDA:44,3,0,3
BRDA:45,4,0,3
BRDA:46,5,0,3
BRDA:50,6,0,1
BRDA:50,6,1,2
BRDA:60,7,0,9
BRDA:62,8,0,1
BRDA:62,8,1,12
BRDA:62,9,0,13
BRDA:62,9,1,13
BRDA:62,9,2,13
BRDA:62,9,3,12
BRDA:62,9,4,12
BRDA:62,9,5,3
BRDA:62,9,6,12
BRDA:62,9,7,7
BRDA:65,10,0,1
BRDA:65,10,1,11
BRDA:68,11,0,13
BRDA:68,11,1,3
BRDA:70,12,0,0
BRDA:70,12,1,13
BRDA:70,13,0,13
BRDA:70,13,1,13
BRDA:73,14,0,9
BRDA:73,14,1,4
BRDA:73,15,0,9
BRDA:73,15,1,4
BRDA:75,16,0,1
BRDA:75,16,1,2
BRDA:75,17,0,3
BRDA:75,17,1,3
BRDA:75,17,2,2
BRDA:78,18,0,2
BRDA:78,18,1,0
BRDA:79,19,0,1
BRDA:79,19,1,1
BRDA:82,20,0,1
BRDA:82,20,1,1
BRDA:82,21,0,2
BRDA:82,21,1,2
BRDA:91,22,0,7
BRDA:91,22,1,5
BRDA:91,23,0,4
BRDA:91,23,1,3
BRDA:91,24,0,3
BRDA:91,24,1,0
BRDA:91,25,0,4
BRDA:91,25,1,8
BRDA:91,26,0,12
BRDA:91,26,1,7
BRDA:91,27,0,1
BRDA:91,27,1,7
BRDA:96,28,0,3
BRDA:96,28,1,9
BRDA:97,29,0,1
BRDA:97,29,1,11
BRDA:97,30,0,12
BRDA:97,30,1,11
BRDA:100,31,0,4
BRDA:100,31,1,7
BRDA:105,32,0,11
BRDA:105,32,1,3
BRDA:105,33,0,8
BRDA:105,33,1,3
BRDA:105,34,0,0
BRDA:105,34,1,8
BRDA:105,35,0,6
BRDA:105,35,1,2
BRDA:106,36,0,8
BRDA:106,36,1,3
BRDA:107,37,0,6
BRDA:107,37,1,2
BRDA:107,38,0,6
BRDA:107,38,1,2
BRDA:109,39,0,2
BRDA:109,39,1,1
BRDA:109,40,0,2
BRDA:109,40,1,1
BRDA:115,41,0,1841
BRDA:115,41,1,28180
BRF:86
BRH:81
end_of_record
TN:
SF:../ng-core/src/lib/utils/dom.utils.ts
FN:3,(anonymous_0)
FN:20,(anonymous_1)
FN:36,(anonymous_2)
FN:40,(anonymous_3)
FN:48,(anonymous_4)
FN:49,(anonymous_5)
FNF:6
FNH:5
FNDA:4,(anonymous_0)
FNDA:4,(anonymous_1)
FNDA:2,(anonymous_2)
FNDA:1,(anonymous_3)
FNDA:1,(anonymous_4)
FNDA:0,(anonymous_5)
DA:4,4
DA:5,1
DA:8,3
DA:10,3
DA:11,3
DA:13,3
DA:14,3
DA:16,3
DA:21,4
DA:22,1
DA:25,3
DA:26,3
DA:37,2
DA:39,2
DA:40,1
DA:41,1
DA:42,1
DA:44,1
DA:45,1
DA:46,1
DA:48,1
DA:49,1
DA:51,1
DA:52,1
DA:54,0
DA:58,1
LF:26
LH:25
BRDA:4,0,0,1
BRDA:4,0,1,3
BRDA:4,1,0,4
BRDA:4,1,1,4
BRDA:10,2,0,3
BRDA:10,2,1,0
BRDA:11,3,0,3
BRDA:11,3,1,0
BRDA:13,4,0,3
BRDA:13,4,1,3
BRDA:14,5,0,3
BRDA:14,5,1,3
BRDA:16,6,0,3
BRDA:16,6,1,3
BRDA:21,7,0,1
BRDA:21,7,1,3
BRDA:21,8,0,4
BRDA:21,8,1,4
BRDA:27,9,0,3
BRDA:27,9,1,3
BRDA:27,9,2,3
BRDA:27,9,3,2
BRDA:27,9,4,1
BRDA:27,9,5,1
BRDA:31,10,0,1
BRDA:31,10,1,0
BRDA:32,11,0,1
BRDA:32,11,1,0
BRDA:39,12,0,1
BRDA:39,12,1,1
BRDA:39,13,0,2
BRDA:39,13,1,1
BRDA:51,14,0,1
BRDA:51,14,1,0
BRF:34
BRH:29
end_of_record
TN:
SF:../ng-core/src/lib/utils/image.utils.ts
FN:4,(anonymous_0)
FN:8,(anonymous_1)
FNF:2
FNH:2
FNDA:2,(anonymous_0)
FNDA:7,(anonymous_1)
DA:2,1
DA:5,2
DA:9,7
DA:10,7
DA:11,7
LF:5
LH:5
BRF:0
BRH:0
end_of_record
TN:
SF:../ng-core/src/lib/utils/math.utils.ts
FN:5,(anonymous_0)
FN:9,(anonymous_1)
FN:21,(anonymous_2)
FN:25,(anonymous_3)
FN:31,(anonymous_4)
FNF:5
FNH:5
FNDA:60000,(anonymous_0)
FNDA:3,(anonymous_1)
FNDA:10000,(anonymous_2)
FNDA:1,(anonymous_3)
FNDA:3,(anonymous_4)
DA:6,60000
DA:10,3
DA:11,3
DA:12,3
DA:14,3
DA:22,10000
DA:26,1
DA:27,1
DA:28,1
DA:32,3
LF:10
LH:10
BRF:0
BRH:0
end_of_record
TN:
SF:../ng-core/src/lib/utils/replay.utils.ts
FN:5,(anonymous_0)
FN:6,(anonymous_1)
FN:8,(anonymous_2)
FNF:3
FNH:3
FNDA:5,(anonymous_0)
FNDA:5,(anonymous_1)
FNDA:6,(anonymous_2)
DA:6,5
DA:8,6
LF:2
LH:2
BRF:0
BRH:0
end_of_record
TN:
SF:../ng-core/src/lib/utils/share.utils.ts
FN:5,(anonymous_0)
FN:13,(anonymous_1)
FN:17,(anonymous_2)
FNF:3
FNH:3
FNDA:1,(anonymous_0)
FNDA:2,(anonymous_1)
FNDA:2,(anonymous_2)
DA:6,1
DA:7,0
DA:9,1
DA:14,2
DA:18,2
LF:5
LH:4
BRDA:6,0,0,0
BRDA:6,0,1,1
BRDA:7,1,0,0
BRDA:7,1,1,0
BRDA:7,2,0,0
BRDA:7,2,1,0
BRDA:14,3,0,0
BRDA:14,3,1,2
BRDA:14,4,0,2
BRDA:14,4,1,2
BRDA:18,5,0,0
BRDA:18,5,1,2
BRDA:18,6,0,2
BRDA:18,6,1,2
BRF:14
BRH:7
end_of_record
TN:
SF:../ng-core/src/lib/utils/sound.utils.ts
FN:6,(anonymous_0)
FN:10,(anonymous_1)
FN:16,(anonymous_2)
FNF:3
FNH:3
FNDA:2,(anonymous_0)
FNDA:4,(anonymous_1)
FNDA:5,(anonymous_2)
DA:2,1
DA:3,1
DA:4,1
DA:7,2
DA:11,4
DA:12,4
DA:13,4
DA:17,5
DA:18,5
DA:19,5
DA:20,5
LF:11
LH:11
BRDA:6,0,0,1
BRDA:10,1,0,2
BRDA:10,2,0,2
BRDA:16,3,0,2
BRDA:16,4,0,2
BRF:5
BRH:5
end_of_record
