TN:
SF:src/public-api.ts
FNF:0
FNH:0
LF:0
LH:0
BRF:0
BRH:0
end_of_record
TN:
SF:src/test.ts
FNF:0
FNH:0
DA:19,1
DA:24,1
DA:26,1
LF:3
LH:3
BRF:0
BRH:0
end_of_record
TN:
SF:src/lib/screens.module.ts
FNF:0
FNH:0
DA:6,1
LF:1
LH:1
BRF:0
BRH:0
end_of_record
TN:
SF:src/lib/services/device.service.ts
FN:8,(anonymous_0)
FN:12,(anonymous_1)
FN:16,(anonymous_2)
FN:20,(anonymous_3)
FN:25,(anonymous_4)
FNF:5
FNH:5
FNDA:10,(anonymous_0)
FNDA:4,(anonymous_1)
FNDA:2,(anonymous_2)
FNDA:4,(anonymous_3)
FNDA:2,(anonymous_4)
DA:6,1
DA:9,10
DA:13,4
DA:17,2
DA:21,4
DA:22,4
DA:26,2
LF:7
LH:7
BRDA:13,0,0,4
BRDA:13,0,1,4
BRDA:22,1,0,4
BRDA:22,1,1,3
BRDA:22,2,0,0
BRDA:22,2,1,4
BRDA:22,3,0,4
BRDA:22,3,1,4
BRDA:22,4,0,0
BRDA:22,4,1,3
BRDA:22,5,0,3
BRDA:22,5,1,3
BRDA:26,6,0,0
BRDA:26,6,1,2
BRDA:26,7,0,2
BRDA:26,7,1,2
BRDA:26,8,0,0
BRDA:26,8,1,2
BRDA:26,9,0,2
BRDA:26,9,1,2
BRF:20
BRH:16
end_of_record
TN:
SF:src/lib/services/full-screen.service.ts
FN:15,(anonymous_0)
FN:20,(anonymous_1)
FN:26,(anonymous_3)
FN:32,(anonymous_5)
FN:38,(anonymous_7)
FN:40,(anonymous_8)
FN:46,(anonymous_9)
FN:48,(anonymous_10)
FNF:8
FNH:7
FNDA:2,(anonymous_0)
FNDA:1,(anonymous_1)
FNDA:1,(anonymous_3)
FNDA:1,(anonymous_5)
FNDA:2,(anonymous_7)
FNDA:0,(anonymous_8)
FNDA:2,(anonymous_9)
FNDA:4,(anonymous_10)
DA:8,1
DA:11,1
DA:13,2
DA:15,2
DA:16,2
DA:17,2
DA:21,1
DA:22,1
DA:27,1
DA:28,1
DA:33,1
DA:34,0
DA:39,2
DA:40,2
DA:41,0
DA:47,2
DA:48,2
DA:49,4
LF:18
LH:16
BRDA:8,0,0,1
BRDA:8,0,1,0
BRDA:21,1,0,1
BRDA:21,1,1,0
BRDA:21,2,0,0
BRDA:21,2,1,1
BRDA:21,3,0,1
BRDA:21,3,1,1
BRDA:27,4,0,1
BRDA:27,4,1,0
BRDA:27,5,0,0
BRDA:27,5,1,1
BRDA:27,6,0,1
BRDA:27,6,1,1
BRDA:33,7,0,0
BRDA:33,7,1,1
BRDA:39,8,0,2
BRDA:39,8,1,0
BRDA:39,9,0,0
BRDA:39,9,1,2
BRDA:39,10,0,2
BRDA:39,10,1,2
BRDA:47,11,0,2
BRDA:47,11,1,0
BRDA:47,12,0,0
BRDA:47,12,1,2
BRDA:47,13,0,2
BRDA:47,13,1,2
BRF:28
BRH:18
end_of_record
TN:
SF:src/lib/services/orientation.service.ts
FN:12,(anonymous_0)
FN:16,(anonymous_1)
FN:19,(anonymous_2)
FN:23,(anonymous_3)
FN:24,(anonymous_4)
FN:32,(anonymous_5)
FN:37,(anonymous_6)
FN:51,(anonymous_7)
FN:55,(anonymous_8)
FN:59,(anonymous_9)
FN:63,(anonymous_10)
FNF:11
FNH:6
FNDA:3,(anonymous_0)
FNDA:1,(anonymous_1)
FNDA:1,(anonymous_2)
FNDA:3,(anonymous_3)
FNDA:0,(anonymous_4)
FNDA:3,(anonymous_5)
FNDA:3,(anonymous_6)
FNDA:0,(anonymous_7)
FNDA:0,(anonymous_8)
FNDA:0,(anonymous_9)
FNDA:0,(anonymous_10)
DA:8,1
DA:10,3
DA:12,3
DA:13,3
DA:17,1
DA:18,1
DA:19,1
DA:24,3
DA:25,0
DA:29,3
DA:33,3
DA:34,3
DA:38,3
DA:39,0
DA:40,0
DA:41,0
DA:42,0
DA:44,0
DA:47,3
DA:52,0
DA:56,0
DA:60,0
DA:65,0
LF:23
LH:13
BRDA:17,0,0,1
BRDA:17,0,1,0
BRDA:17,1,0,1
BRDA:17,1,1,1
BRDA:38,2,0,0
BRDA:38,2,1,3
BRDA:39,3,0,0
BRDA:39,3,1,0
BRDA:39,4,0,0
BRDA:39,4,1,0
BRDA:41,5,0,0
BRDA:41,5,1,0
BRDA:41,6,0,0
BRDA:41,6,1,0
BRDA:52,7,0,0
BRDA:52,7,1,0
BRF:16
BRH:4
end_of_record
TN:
SF:src/lib/services/screen-fit.service.ts
FN:12,(anonymous_0)
FN:15,(anonymous_1)
FN:27,(anonymous_2)
FNF:3
FNH:2
FNDA:2,(anonymous_0)
FNDA:1,(anonymous_1)
FNDA:0,(anonymous_2)
DA:7,1
DA:10,1
DA:12,2
DA:16,1
DA:17,1
DA:19,1
DA:20,0
DA:23,1
DA:24,1
DA:28,0
LF:10
LH:8
BRDA:19,0,0,0
BRDA:19,0,1,1
BRDA:19,1,0,1
BRDA:19,1,1,0
BRF:4
BRH:2
end_of_record
