TN:
SF:projects/rxjs-extra/src/errors.ts
FN:5,(anonymous_0)
FNF:1
FNH:1
FNDA:2,(anonymous_0)
DA:3,1
DA:6,2
LF:2
LH:2
BRDA:5,0,0,2
BRF:1
BRH:1
end_of_record
TN:
SF:projects/rxjs-extra/src/operators.ts
FN:6,filterNullish
FN:8,(anonymous_1)
FN:12,filterNull
FN:14,(anonymous_3)
FN:18,throwOnUndefined
FN:20,(anonymous_5)
FN:30,mapNullToUndefined
FN:32,(anonymous_7)
FNF:8
FNH:8
FNDA:1,filterNullish
FNDA:6,(anonymous_1)
FNDA:1,filterNull
FNDA:6,(anonymous_3)
FNDA:2,throwOnUndefined
FNDA:2,(anonymous_5)
FNDA:1,mapNullToUndefined
FNDA:5,(anonymous_7)
DA:7,1
DA:8,6
DA:13,1
DA:14,6
DA:19,2
DA:21,2
DA:22,1
DA:24,1
DA:31,1
DA:33,5
DA:34,3
DA:35,2
DA:36,1
LF:13
LH:13
BRDA:21,0,0,1
BRDA:21,0,1,1
BRDA:33,1,0,3
BRDA:33,1,1,2
BRDA:33,2,0,5
BRDA:33,2,1,5
BRDA:35,3,0,1
BRDA:35,3,1,1
BRF:8
BRH:8
end_of_record
TN:
SF:projects/rxjs-extra/src/test.ts
FNF:0
FNH:0
DA:19,1
DA:24,1
DA:26,1
LF:3
LH:3
BRF:0
BRH:0
end_of_record
