TN:
SF:projects/ts-hockeydata-api/src/test.ts
FNF:0
FNH:0
DA:19,1
DA:24,1
DA:26,1
LF:3
LH:3
BRF:0
BRH:0
end_of_record
TN:
SF:projects/ts-hockeydata-api/src/lib/hockeydata-api.module.ts
FN:8,(anonymous_0)
FNF:1
FNH:1
FNDA:4,(anonymous_0)
DA:8,1
DA:9,4
DA:10,4
DA:12,0
DA:23,1
LF:5
LH:4
BRDA:9,0,0,4
BRDA:9,0,1,0
BRF:2
BRH:1
end_of_record
TN:
SF:projects/ts-hockeydata-api/src/lib/tokens.ts
FNF:0
FNH:0
DA:4,1
DA:5,1
LF:2
LH:2
BRF:0
BRH:0
end_of_record
TN:
SF:projects/ts-hockeydata-api/src/lib/mapper/hockeydata-game-score.mapper.ts
FN:8,(anonymous_0)
FN:12,(anonymous_1)
FN:41,(anonymous_2)
FN:49,(anonymous_3)
FNF:4
FNH:4
FNDA:28,(anonymous_0)
FNDA:373,(anonymous_1)
FNDA:372,(anonymous_2)
FNDA:369,(anonymous_3)
DA:7,1
DA:9,28
DA:13,373
DA:14,373
DA:15,372
DA:16,372
DA:18,372
DA:19,3
DA:20,3
DA:21,3
DA:22,3
DA:24,3
DA:27,369
DA:28,369
DA:29,369
DA:30,369
DA:31,368
DA:33,368
DA:37,0
DA:43,372
DA:51,369
LF:21
LH:20
BRDA:18,0,0,3
BRDA:18,0,1,369
BRDA:27,1,0,369
BRDA:27,1,1,0
BRDA:43,2,0,372
BRDA:43,2,1,3
BRDA:43,2,2,3
BRDA:43,2,3,3
BRDA:51,3,0,369
BRDA:51,3,1,369
BRDA:51,3,2,369
BRDA:51,3,3,369
BRF:12
BRH:11
end_of_record
TN:
SF:projects/ts-hockeydata-api/src/lib/mapper/hockeydata-gamedata-schedule.mapper.ts
FN:8,(anonymous_0)
FN:12,(anonymous_1)
FNF:2
FNH:2
FNDA:9,(anonymous_0)
FNDA:4,(anonymous_1)
DA:7,1
DA:9,9
DA:13,4
DA:14,4
DA:15,3
DA:16,3
DA:17,3
DA:18,3
DA:19,3
LF:9
LH:9
BRDA:13,0,0,0
BRDA:13,0,1,4
BRDA:13,1,0,4
BRDA:13,1,1,4
BRF:4
BRH:3
end_of_record
TN:
SF:projects/ts-hockeydata-api/src/lib/mapper/hockeydata-gamedata.mapper.ts
FN:14,(anonymous_0)
FN:23,(anonymous_1)
FNF:2
FNH:2
FNDA:6,(anonymous_0)
FNDA:2,(anonymous_1)
DA:13,1
DA:14,6
DA:15,6
DA:16,6
DA:17,6
DA:18,6
DA:19,6
DA:20,6
DA:24,2
DA:25,2
DA:26,2
DA:27,2
DA:28,2
DA:29,2
DA:30,2
LF:15
LH:15
BRF:0
BRH:0
end_of_record
TN:
SF:projects/ts-hockeydata-api/src/lib/mapper/hockeydata-gamereport.mapper.ts
FN:9,(anonymous_0)
FN:13,(anonymous_1)
FNF:2
FNH:2
FNDA:7,(anonymous_0)
FNDA:3,(anonymous_1)
DA:8,1
DA:9,7
DA:10,7
DA:14,3
DA:15,2
DA:16,2
LF:6
LH:6
BRF:0
BRH:0
end_of_record
TN:
SF:projects/ts-hockeydata-api/src/lib/mapper/hockeydata-general-gamedata.mapper.ts
FN:8,(anonymous_0)
FN:12,(anonymous_1)
FNF:2
FNH:2
FNDA:9,(anonymous_0)
FNDA:4,(anonymous_1)
DA:7,1
DA:9,9
DA:13,4
DA:14,3
DA:15,3
DA:16,3
DA:17,3
DA:18,3
LF:8
LH:8
BRF:0
BRH:0
end_of_record
TN:
SF:projects/ts-hockeydata-api/src/lib/mapper/hockeydata-knockout-encounter.mapper.ts
FN:11,(anonymous_0)
FN:16,(anonymous_1)
FNF:2
FNH:2
FNDA:13,(anonymous_0)
FNDA:30,(anonymous_1)
DA:10,1
DA:11,13
DA:12,13
DA:13,13
DA:17,30
DA:18,30
DA:19,29
DA:20,29
DA:21,29
DA:22,29
DA:23,29
DA:25,29
LF:12
LH:12
BRF:0
BRH:0
end_of_record
TN:
SF:projects/ts-hockeydata-api/src/lib/mapper/hockeydata-knockout-phase.mapper.ts
FN:11,(anonymous_0)
FN:15,(anonymous_1)
FN:22,(anonymous_2)
FN:25,(anonymous_3)
FN:31,(anonymous_4)
FN:32,(anonymous_5)
FN:35,(anonymous_6)
FN:48,(anonymous_7)
FNF:8
FNH:8
FNDA:10,(anonymous_0)
FNDA:12,(anonymous_1)
FNDA:12,(anonymous_2)
FNDA:28,(anonymous_3)
FNDA:12,(anonymous_4)
FNDA:520,(anonymous_5)
FNDA:6,(anonymous_6)
FNDA:30,(anonymous_7)
DA:10,1
DA:11,10
DA:12,10
DA:16,12
DA:17,12
DA:18,12
DA:19,12
DA:23,12
DA:25,28
DA:26,12
DA:28,12
DA:32,520
DA:36,6
DA:38,6
DA:39,12
DA:40,12
DA:41,12
DA:44,6
DA:45,6
DA:49,30
DA:50,30
DA:51,30
LF:22
LH:22
BRDA:41,0,0,12
BRDA:41,0,1,11
BRF:2
BRH:2
end_of_record
TN:
SF:projects/ts-hockeydata-api/src/lib/mapper/hockeydata-knockout-stage.mapper.ts
FN:9,(anonymous_0)
FN:13,(anonymous_1)
FNF:2
FNH:2
FNDA:7,(anonymous_0)
FNDA:5,(anonymous_1)
DA:8,1
DA:9,7
DA:10,7
DA:14,5
DA:15,4
DA:16,3
DA:17,2
DA:18,2
LF:8
LH:8
BRF:0
BRH:0
end_of_record
TN:
SF:projects/ts-hockeydata-api/src/lib/mapper/hockeydata-knockout-team-score.mapper.ts
FN:9,(anonymous_0)
FN:13,(anonymous_1)
FN:21,(anonymous_2)
FN:22,(anonymous_3)
FN:28,(anonymous_4)
FN:29,(anonymous_5)
FN:32,(anonymous_6)
FNF:7
FNH:7
FNDA:17,(anonymous_0)
FNDA:63,(anonymous_1)
FNDA:30,(anonymous_2)
FNDA:60,(anonymous_3)
FNDA:60,(anonymous_4)
FNDA:420,(anonymous_5)
FNDA:420,(anonymous_6)
DA:8,1
DA:10,17
DA:14,63
DA:15,62
DA:16,61
DA:17,60
DA:18,59
DA:22,30
DA:23,60
DA:24,60
DA:29,420
DA:33,420
DA:34,412
DA:35,8
DA:36,2
DA:37,6
DA:38,3
DA:40,3
LF:18
LH:18
BRDA:33,0,0,412
BRDA:33,0,1,8
BRDA:35,1,0,2
BRDA:35,1,1,6
BRDA:37,2,0,3
BRDA:37,2,1,3
BRF:6
BRH:6
end_of_record
TN:
SF:projects/ts-hockeydata-api/src/lib/mapper/hockeydata-live-gamedata.mapper.ts
FN:8,(anonymous_0)
FN:12,(anonymous_1)
FNF:2
FNH:2
FNDA:9,(anonymous_0)
FNDA:4,(anonymous_1)
DA:7,1
DA:9,9
DA:13,4
DA:14,3
DA:15,3
DA:16,3
LF:6
LH:6
BRF:0
BRH:0
end_of_record
TN:
SF:projects/ts-hockeydata-api/src/lib/mapper/hockeydata-location.mapper.ts
FN:8,(anonymous_0)
FN:12,(anonymous_1)
FNF:2
FNH:2
FNDA:10,(anonymous_0)
FNDA:5,(anonymous_1)
DA:7,1
DA:9,10
DA:13,5
DA:14,5
DA:15,4
DA:16,4
DA:17,4
LF:7
LH:7
BRDA:13,0,0,0
BRDA:13,0,1,5
BRDA:13,1,0,5
BRDA:13,1,1,5
BRDA:14,2,0,0
BRDA:14,2,1,5
BRDA:14,3,0,5
BRDA:14,3,1,5
BRDA:15,4,0,1
BRDA:15,4,1,3
BRDA:15,5,0,4
BRDA:15,5,1,4
BRDA:15,6,0,0
BRDA:15,6,1,4
BRDA:15,7,0,4
BRDA:15,7,1,4
BRDA:16,8,0,1
BRDA:16,8,1,3
BRDA:16,9,0,4
BRDA:16,9,1,4
BRDA:16,10,0,0
BRDA:16,10,1,4
BRDA:16,11,0,4
BRDA:16,11,1,4
BRF:24
BRH:20
end_of_record
TN:
SF:projects/ts-hockeydata-api/src/lib/mapper/hockeydata-period-gamedata.mapper.ts
FN:9,(anonymous_0)
FN:13,(anonymous_1)
FNF:2
FNH:2
FNDA:9,(anonymous_0)
FNDA:4,(anonymous_1)
DA:8,1
DA:9,9
DA:10,9
DA:14,4
DA:15,4
DA:16,3
DA:17,3
DA:18,3
DA:19,3
DA:20,3
LF:10
LH:10
BRF:0
BRH:0
end_of_record
TN:
SF:projects/ts-hockeydata-api/src/lib/mapper/hockeydata-period-stats.mapper.ts
FN:8,(anonymous_0)
FN:12,(anonymous_1)
FNF:2
FNH:2
FNDA:12,(anonymous_0)
FNDA:11,(anonymous_1)
DA:7,1
DA:9,12
DA:13,11
DA:14,11
DA:15,10
DA:16,10
DA:17,10
DA:18,10
DA:19,10
DA:20,10
LF:10
LH:10
BRF:0
BRH:0
end_of_record
TN:
SF:projects/ts-hockeydata-api/src/lib/mapper/hockeydata-schedule.mapper.ts
FN:10,(anonymous_0)
FN:14,(anonymous_1)
FNF:2
FNH:2
FNDA:6,(anonymous_0)
FNDA:1,(anonymous_1)
DA:8,1
DA:10,6
DA:11,6
DA:15,1
DA:17,1
DA:18,1
DA:19,1
DA:21,0
LF:8
LH:7
BRDA:17,0,0,1
BRDA:17,0,1,0
BRF:2
BRH:1
end_of_record
TN:
SF:projects/ts-hockeydata-api/src/lib/mapper/hockeydata-scheduled-game-mapper.ts
FN:9,(anonymous_0)
FN:13,(anonymous_1)
FN:29,(anonymous_2)
FNF:3
FNH:3
FNDA:22,(anonymous_0)
FNDA:368,(anonymous_1)
FNDA:368,(anonymous_2)
DA:8,1
DA:9,22
DA:10,22
DA:14,368
DA:15,368
DA:16,368
DA:17,368
DA:18,368
DA:19,368
DA:20,368
DA:21,368
DA:22,368
DA:24,367
DA:30,368
LF:14
LH:14
BRDA:16,0,0,233
BRDA:16,0,1,135
BRDA:16,1,0,368
BRDA:16,1,1,233
BRDA:21,2,0,368
BRDA:21,2,1,4
BRDA:30,3,0,368
BRDA:30,3,1,367
BRF:8
BRH:8
end_of_record
TN:
SF:projects/ts-hockeydata-api/src/lib/mapper/hockeydata-team-standing.mapper.ts
FN:9,(anonymous_0)
FN:13,(anonymous_1)
FN:61,(anonymous_2)
FNF:3
FNH:3
FNDA:8,(anonymous_0)
FNDA:14,(anonymous_1)
FNDA:9,(anonymous_2)
DA:7,1
DA:10,8
DA:14,14
DA:15,10
DA:16,9
DA:17,9
DA:18,9
DA:19,9
DA:20,9
DA:21,9
DA:22,9
DA:23,9
DA:24,9
DA:25,9
DA:26,9
DA:27,9
DA:28,9
DA:29,9
DA:30,9
DA:31,9
DA:32,9
DA:33,9
DA:34,9
DA:36,9
DA:62,9
DA:63,9
LF:26
LH:26
BRF:0
BRH:0
end_of_record
TN:
SF:projects/ts-hockeydata-api/src/lib/mapper/test-data/game-report-data.ts
FN:3,(anonymous_0)
FNF:1
FNH:1
FNDA:4,(anonymous_0)
DA:3,1
DA:4,4
DA:7,1
LF:3
LH:3
BRF:0
BRH:0
end_of_record
TN:
SF:projects/ts-hockeydata-api/src/lib/mapper/test-data/knockout-stage-data.ts
FN:3,(anonymous_0)
FNF:1
FNH:1
FNDA:6,(anonymous_0)
DA:3,1
DA:4,6
DA:7,1
LF:3
LH:3
BRF:0
BRH:0
end_of_record
TN:
SF:projects/ts-hockeydata-api/src/lib/mapper/test-data/schedule.ts
FN:3,(anonymous_0)
FNF:1
FNH:1
FNDA:1,(anonymous_0)
DA:3,1
DA:4,1
DA:7,1
LF:3
LH:3
BRF:0
BRH:0
end_of_record
TN:
SF:projects/ts-hockeydata-api/src/lib/mapper/test-data/team-standings-data.ts
FN:3,(anonymous_0)
FNF:1
FNH:1
FNDA:1,(anonymous_0)
DA:3,1
DA:4,1
DA:7,1
LF:3
LH:3
BRF:0
BRH:0
end_of_record
TN:
SF:projects/ts-hockeydata-api/src/lib/model/hockeydata-game-score.ts
FN:11,(anonymous_0)
FNF:1
FNH:1
FNDA:383,(anonymous_0)
DA:19,383
DA:20,383
DA:21,383
DA:22,383
DA:23,383
DA:24,383
DA:25,383
DA:26,383
LF:8
LH:8
BRF:0
BRH:0
end_of_record
TN:
SF:projects/ts-hockeydata-api/src/lib/model/hockeydata-gamedata-schedule.ts
FN:9,(anonymous_0)
FNF:1
FNH:1
FNDA:3,(anonymous_0)
DA:15,3
DA:16,3
DA:17,3
DA:18,3
DA:19,3
DA:20,3
LF:6
LH:6
BRF:0
BRH:0
end_of_record
TN:
SF:projects/ts-hockeydata-api/src/lib/model/hockeydata-gamedata.ts
FN:16,(anonymous_0)
FNF:1
FNH:1
FNDA:2,(anonymous_0)
DA:22,2
DA:23,2
DA:24,2
DA:25,2
DA:26,2
DA:27,2
LF:6
LH:6
BRF:0
BRH:0
end_of_record
TN:
SF:projects/ts-hockeydata-api/src/lib/model/hockeydata-gamereport.ts
FN:6,(anonymous_0)
FNF:1
FNH:1
FNDA:2,(anonymous_0)
DA:7,2
LF:1
LH:1
BRF:0
BRH:0
end_of_record
TN:
SF:projects/ts-hockeydata-api/src/lib/model/hockeydata-general-gamedata.ts
FN:8,(anonymous_0)
FNF:1
FNH:1
FNDA:3,(anonymous_0)
DA:9,3
DA:10,3
DA:11,3
DA:12,3
DA:13,3
LF:5
LH:5
BRF:0
BRH:0
end_of_record
TN:
SF:projects/ts-hockeydata-api/src/lib/model/hockeydata-knockout-encounter.ts
FN:12,(anonymous_0)
FNF:1
FNH:1
FNDA:29,(anonymous_0)
DA:18,29
DA:19,29
DA:20,29
DA:21,29
DA:22,29
DA:23,29
LF:6
LH:6
BRDA:16,0,0,0
BRDA:17,1,0,0
BRF:2
BRH:0
end_of_record
TN:
SF:projects/ts-hockeydata-api/src/lib/model/hockeydata-knockout-phase.ts
FN:9,(anonymous_0)
FNF:1
FNH:1
FNDA:12,(anonymous_0)
DA:10,12
DA:11,12
DA:12,12
DA:13,12
LF:4
LH:4
BRDA:9,0,0,0
BRDA:9,1,0,12
BRF:2
BRH:1
end_of_record
TN:
SF:projects/ts-hockeydata-api/src/lib/model/hockeydata-knockout-stage.ts
FN:8,(anonymous_0)
FNF:1
FNH:1
FNDA:2,(anonymous_0)
DA:9,2
DA:10,2
DA:11,2
LF:3
LH:3
BRDA:8,0,0,0
BRF:1
BRH:0
end_of_record
TN:
SF:projects/ts-hockeydata-api/src/lib/model/hockeydata-knockout-team-score.ts
FN:10,(anonymous_0)
FNF:1
FNH:1
FNDA:61,(anonymous_0)
DA:15,61
DA:16,61
DA:17,61
DA:18,61
DA:19,61
LF:5
LH:5
BRDA:14,0,0,61
BRF:1
BRH:1
end_of_record
TN:
SF:projects/ts-hockeydata-api/src/lib/model/hockeydata-live-gamedata.ts
FN:6,(anonymous_0)
FNF:1
FNH:1
FNDA:3,(anonymous_0)
DA:7,3
DA:8,3
DA:9,3
LF:3
LH:3
BRF:0
BRH:0
end_of_record
TN:
SF:projects/ts-hockeydata-api/src/lib/model/hockeydata-location.ts
FN:7,(anonymous_0)
FNF:1
FNH:1
FNDA:4,(anonymous_0)
DA:8,4
DA:9,4
DA:10,4
DA:11,4
LF:4
LH:4
BRF:0
BRH:0
end_of_record
TN:
SF:projects/ts-hockeydata-api/src/lib/model/hockeydata-period-gamedata.ts
FN:11,(anonymous_0)
FNF:1
FNH:1
FNDA:3,(anonymous_0)
DA:12,3
DA:13,3
DA:14,3
DA:15,3
DA:16,3
DA:17,3
LF:6
LH:6
BRF:0
BRH:0
end_of_record
TN:
SF:projects/ts-hockeydata-api/src/lib/model/hockeydata-period-stats.ts
FN:12,(anonymous_0)
FNF:1
FNH:1
FNDA:10,(anonymous_0)
DA:13,10
DA:14,10
DA:15,10
DA:16,10
DA:17,10
DA:18,10
DA:19,10
LF:7
LH:7
BRF:0
BRH:0
end_of_record
TN:
SF:projects/ts-hockeydata-api/src/lib/model/hockeydata-schedule.ts
FN:6,(anonymous_0)
FNF:1
FNH:1
FNDA:1,(anonymous_0)
DA:7,1
LF:1
LH:1
BRDA:6,0,0,0
BRF:1
BRH:0
end_of_record
TN:
SF:projects/ts-hockeydata-api/src/lib/model/hockeydata-scheduled-game.ts
FN:14,(anonymous_0)
FN:34,(anonymous_1)
FN:38,(anonymous_2)
FNF:3
FNH:3
FNDA:379,(anonymous_0)
FNDA:425,(anonymous_1)
FNDA:16,(anonymous_2)
DA:23,379
DA:24,379
DA:25,379
DA:26,379
DA:27,379
DA:28,379
DA:29,379
DA:30,379
DA:31,379
DA:35,425
DA:39,16
DA:42,16
DA:45,16
LF:13
LH:13
BRDA:35,0,0,425
BRDA:35,0,1,421
BRDA:39,1,0,16
BRDA:39,1,1,8
BRDA:42,2,0,16
BRDA:42,2,1,8
BRDA:45,3,0,16
BRDA:45,3,1,12
BRDA:45,3,2,14
BRF:9
BRH:9
end_of_record
TN:
SF:projects/ts-hockeydata-api/src/lib/model/hockeydata-team-standing.ts
FN:24,(anonymous_0)
FNF:1
FNH:1
FNDA:9,(anonymous_0)
DA:45,9
DA:46,9
DA:47,9
DA:48,9
DA:49,9
DA:50,9
DA:51,9
DA:52,9
DA:53,9
DA:54,9
DA:55,9
DA:56,9
DA:57,9
DA:58,9
DA:59,9
DA:60,9
DA:61,9
DA:62,9
DA:63,9
DA:64,9
DA:65,9
LF:21
LH:21
BRF:0
BRH:0
end_of_record
TN:
SF:projects/ts-hockeydata-api/src/lib/model/types.ts
FNF:0
FNH:0
DA:12,1
LF:1
LH:1
BRF:0
BRH:0
end_of_record
TN:
SF:projects/ts-hockeydata-api/src/lib/services/hockeydata.dao.ts
FN:23,(anonymous_0)
FN:31,(anonymous_1)
FN:36,(anonymous_2)
FN:42,(anonymous_3)
FN:47,(anonymous_4)
FN:52,(anonymous_5)
FN:59,(anonymous_6)
FN:66,(anonymous_7)
FNF:8
FNH:7
FNDA:5,(anonymous_0)
FNDA:1,(anonymous_1)
FNDA:1,(anonymous_2)
FNDA:1,(anonymous_3)
FNDA:0,(anonymous_4)
FNDA:3,(anonymous_5)
FNDA:3,(anonymous_6)
FNDA:3,(anonymous_7)
DA:25,5
DA:26,5
DA:27,5
DA:28,5
DA:32,1
DA:33,1
DA:37,1
DA:38,1
DA:39,1
DA:43,1
DA:44,1
DA:48,0
DA:49,0
DA:53,3
DA:54,3
DA:56,3
DA:60,3
DA:61,4
DA:63,3
DA:67,3
DA:68,3
DA:69,3
DA:70,3
DA:71,3
DA:72,3
LF:25
LH:23
BRDA:31,0,0,0
BRDA:36,1,0,0
BRDA:42,2,0,0
BRDA:47,3,0,0
BRDA:60,4,0,3
BRDA:60,4,1,0
BRDA:60,5,0,3
BRDA:60,5,1,3
BRF:8
BRH:3
end_of_record
TN:
SF:projects/ts-hockeydata-api/src/lib/services/hockeydata.service.ts
FN:15,(anonymous_0)
FN:22,(anonymous_1)
FN:24,(anonymous_2)
FN:28,(anonymous_3)
FN:30,(anonymous_4)
FN:34,(anonymous_5)
FN:36,(anonymous_6)
FN:40,(anonymous_7)
FN:42,(anonymous_8)
FNF:9
FNH:7
FNDA:5,(anonymous_0)
FNDA:1,(anonymous_1)
FNDA:1,(anonymous_2)
FNDA:0,(anonymous_3)
FNDA:0,(anonymous_4)
FNDA:1,(anonymous_5)
FNDA:1,(anonymous_6)
FNDA:1,(anonymous_7)
FNDA:1,(anonymous_8)
DA:15,5
DA:16,5
DA:17,5
DA:18,5
DA:19,5
DA:23,1
DA:24,1
DA:29,0
DA:30,0
DA:35,1
DA:36,1
DA:41,1
DA:42,1
LF:13
LH:11
BRDA:22,0,0,1
BRDA:28,1,0,0
BRDA:34,2,0,1
BRDA:40,3,0,1
BRDA:42,4,0,1
BRDA:42,4,1,0
BRDA:42,5,0,1
BRDA:42,5,1,1
BRDA:42,6,0,0
BRDA:42,6,1,1
BRDA:42,7,0,1
BRDA:42,7,1,1
BRF:12
BRH:9
end_of_record
TN:
SF:projects/ts-hockeydata-api/src/lib/services/icehockey/hockey-data-ice-hockey-impl.service.ts
FN:15,(anonymous_0)
FNF:1
FNH:1
FNDA:4,(anonymous_0)
DA:11,1
DA:13,1
DA:15,4
DA:16,4
DA:17,4
DA:18,4
DA:19,4
DA:20,4
LF:8
LH:8
BRF:0
BRH:0
end_of_record
TN:
SF:projects/ts-hockeydata-api/src/lib/services/icehockey/hockeydata-icehockey.dao.ts
FN:9,(anonymous_0)
FNF:1
FNH:1
FNDA:4,(anonymous_0)
DA:8,1
DA:10,4
DA:11,4
LF:3
LH:3
BRF:0
BRH:0
end_of_record
TN:
SF:projects/ts-hockeydata-api/src/lib/services/icehockey/contracts/hockey-data-ice-hockey.substitute.ts
FN:7,(anonymous_0)
FN:11,(anonymous_1)
FN:15,(anonymous_2)
FN:19,(anonymous_3)
FNF:4
FNH:0
FNDA:0,(anonymous_0)
FNDA:0,(anonymous_1)
FNDA:0,(anonymous_2)
FNDA:0,(anonymous_3)
DA:8,0
DA:12,0
DA:16,0
DA:20,0
LF:4
LH:0
BRF:0
BRH:0
end_of_record
