TN:
SF:projects/ng-storage/src/test.ts
FNF:0
FNH:0
DA:15,1
DA:20,1
DA:22,1
LF:3
LH:3
BRF:0
BRH:0
end_of_record
TN:
SF:projects/ng-storage/src/lib/ng-storage.module.ts
FN:23,(anonymous_0)
FN:32,(anonymous_1)
FNF:2
FNH:2
FNDA:3,(anonymous_0)
FNDA:3,(anonymous_1)
DA:18,1
DA:20,1
DA:21,1
DA:24,3
DA:25,1
DA:27,2
DA:28,2
DA:33,3
DA:34,3
DA:35,2
DA:37,1
LF:11
LH:11
BRDA:24,0,0,1
BRDA:24,0,1,2
BRF:2
BRH:2
end_of_record
TN:
SF:projects/ng-storage/src/lib/local-storage/local-memory.storage.ts
FN:3,(anonymous_0)
FN:7,(anonymous_1)
FN:11,(anonymous_2)
FN:15,(anonymous_3)
FN:19,(anonymous_4)
FN:35,(anonymous_5)
FN:39,(anonymous_6)
FNF:7
FNH:7
FNDA:14,(anonymous_0)
FNDA:1,(anonymous_1)
FNDA:1,(anonymous_2)
FNDA:4,(anonymous_3)
FNDA:2,(anonymous_4)
FNDA:1,(anonymous_5)
FNDA:8,(anonymous_6)
DA:5,14
DA:8,1
DA:12,1
DA:16,4
DA:20,2
DA:21,1
DA:23,1
DA:24,2
DA:25,1
DA:28,1
DA:32,1
DA:36,1
DA:40,8
LF:13
LH:13
BRDA:16,0,0,1
BRDA:16,0,1,3
BRDA:16,1,0,4
BRDA:16,1,1,4
BRDA:20,2,0,1
BRDA:20,2,1,1
BRDA:24,3,0,1
BRDA:24,3,1,1
BRF:8
BRH:8
end_of_record
TN:
SF:projects/ng-storage/src/lib/local-storage/local-native.storage.ts
FN:7,(anonymous_0)
FN:11,(anonymous_1)
FN:15,(anonymous_2)
FN:19,(anonymous_3)
FN:23,(anonymous_4)
FN:27,(anonymous_5)
FNF:6
FNH:6
FNDA:1,(anonymous_0)
FNDA:1,(anonymous_1)
FNDA:4,(anonymous_2)
FNDA:2,(anonymous_3)
FNDA:1,(anonymous_4)
FNDA:8,(anonymous_5)
DA:5,1
DA:8,1
DA:12,1
DA:16,4
DA:20,2
DA:24,1
DA:28,8
LF:7
LH:7
BRDA:8,0,0,0
BRDA:8,0,1,1
BRDA:8,1,0,1
BRDA:8,1,1,1
BRDA:12,2,0,0
BRDA:12,2,1,1
BRDA:12,3,0,1
BRDA:12,3,1,1
BRDA:16,4,0,0
BRDA:16,4,1,4
BRDA:16,5,0,4
BRDA:16,5,1,4
BRDA:20,6,0,0
BRDA:20,6,1,2
BRDA:20,7,0,2
BRDA:20,7,1,2
BRDA:24,8,0,0
BRDA:24,8,1,1
BRDA:24,9,0,1
BRDA:24,9,1,1
BRDA:28,10,0,0
BRDA:28,10,1,8
BRDA:28,11,0,8
BRDA:28,11,1,8
BRF:24
BRH:18
end_of_record
