TN:
SF:projects/ts-core/src/test.ts
FNF:0
FNH:0
DA:19,1
DA:24,1
DA:26,1
LF:3
LH:3
BRF:0
BRH:0
end_of_record
TN:
SF:projects/ts-core/src/lib/builder/url.builder.ts
FN:11,(anonymous_0)
FN:19,(anonymous_1)
FN:35,(anonymous_2)
FN:41,(anonymous_3)
FN:42,(anonymous_4)
FN:50,(anonymous_5)
FN:60,(anonymous_6)
FN:61,(anonymous_7)
FN:68,(anonymous_8)
FN:72,(anonymous_9)
FN:78,(anonymous_10)
FN:79,(anonymous_11)
FN:84,(anonymous_12)
FN:88,(anonymous_13)
FN:92,(anonymous_14)
FN:96,(anonymous_15)
FNF:16
FNH:13
FNDA:5,(anonymous_0)
FNDA:2,(anonymous_1)
FNDA:9,(anonymous_2)
FNDA:2,(anonymous_3)
FNDA:6,(anonymous_4)
FNDA:1,(anonymous_5)
FNDA:0,(anonymous_6)
FNDA:0,(anonymous_7)
FNDA:6,(anonymous_8)
FNDA:10,(anonymous_9)
FNDA:2,(anonymous_10)
FNDA:4,(anonymous_11)
FNDA:5,(anonymous_12)
FNDA:4,(anonymous_13)
FNDA:0,(anonymous_14)
FNDA:5,(anonymous_15)
DA:8,5
DA:9,5
DA:12,5
DA:20,2
DA:21,2
DA:23,2
DA:25,2
DA:26,2
DA:29,2
DA:36,9
DA:38,9
DA:42,6
DA:44,2
DA:51,1
DA:52,1
DA:55,1
DA:57,1
DA:61,0
DA:63,0
DA:69,6
DA:70,1
DA:71,5
DA:72,10
DA:75,6
DA:79,4
DA:81,2
DA:85,5
DA:89,4
DA:93,0
DA:97,5
DA:98,4
DA:101,5
DA:102,3
DA:105,5
LF:34
LH:31
BRDA:25,0,0,2
BRDA:25,0,1,0
BRDA:51,1,0,1
BRDA:51,1,1,0
BRDA:69,2,0,1
BRDA:69,2,1,5
BRDA:71,3,0,5
BRDA:71,3,1,0
BRDA:97,4,0,4
BRDA:97,4,1,1
BRDA:101,5,0,3
BRDA:101,5,1,2
BRF:12
BRH:9
end_of_record
TN:
SF:projects/ts-core/src/lib/iterator/paging.iterator.ts
FN:7,(anonymous_0)
FN:12,(anonymous_1)
FN:24,(anonymous_2)
FNF:3
FNH:2
FNDA:3,(anonymous_0)
FNDA:11,(anonymous_1)
FNDA:0,(anonymous_2)
DA:3,3
DA:8,3
DA:9,3
DA:13,11
DA:14,11
DA:15,11
DA:16,11
DA:18,11
DA:25,0
LF:9
LH:8
BRF:0
BRH:0
end_of_record
TN:
SF:projects/ts-core/src/lib/mapper/base.mapper.ts
FN:7,(anonymous_0)
FN:10,(anonymous_1)
FN:12,(anonymous_2)
FN:18,(anonymous_3)
FN:22,(anonymous_4)
FN:23,(anonymous_5)
FN:26,(anonymous_6)
FNF:7
FNH:7
FNDA:6,(anonymous_0)
FNDA:5,(anonymous_1)
FNDA:3,(anonymous_2)
FNDA:3,(anonymous_3)
FNDA:1,(anonymous_4)
FNDA:2,(anonymous_5)
FNDA:3,(anonymous_6)
DA:7,6
DA:11,5
DA:12,3
DA:14,4
DA:19,3
DA:23,2
DA:27,3
DA:28,1
DA:30,2
LF:9
LH:9
BRDA:11,0,0,1
BRDA:11,0,1,4
BRDA:27,1,0,1
BRDA:27,1,1,2
BRF:4
BRH:4
end_of_record
TN:
SF:projects/ts-core/src/lib/mapper/generic.mapper.ts
FN:5,(anonymous_0)
FN:9,(anonymous_1)
FN:13,(anonymous_2)
FNF:3
FNH:3
FNDA:5,(anonymous_0)
FNDA:6,(anonymous_1)
FNDA:1,(anonymous_2)
DA:6,5
DA:10,6
DA:14,1
DA:16,1
DA:17,2
DA:20,1
LF:6
LH:6
BRF:0
BRH:0
end_of_record
TN:
SF:projects/ts-core/src/lib/utils/array.utils.ts
FN:3,(anonymous_0)
FN:9,(anonymous_1)
FN:18,(anonymous_2)
FN:28,(anonymous_3)
FN:38,(anonymous_4)
FN:48,(anonymous_5)
FN:50,(anonymous_6)
FN:56,(anonymous_7)
FN:57,(anonymous_8)
FN:60,(anonymous_9)
FN:61,(anonymous_10)
FN:64,(anonymous_11)
FN:79,(anonymous_12)
FN:82,(anonymous_13)
FN:86,(anonymous_14)
FNF:15
FNH:15
FNDA:1,(anonymous_0)
FNDA:1,(anonymous_1)
FNDA:1,(anonymous_2)
FNDA:2,(anonymous_3)
FNDA:1,(anonymous_4)
FNDA:2,(anonymous_5)
FNDA:10,(anonymous_6)
FNDA:3,(anonymous_7)
FNDA:9,(anonymous_8)
FNDA:1,(anonymous_9)
FNDA:9,(anonymous_10)
FNDA:4,(anonymous_11)
FNDA:6,(anonymous_12)
FNDA:8,(anonymous_13)
FNDA:2,(anonymous_14)
DA:4,1
DA:5,1
DA:6,1
DA:10,1
DA:11,8
DA:12,8
DA:13,8
DA:14,8
DA:19,1
DA:21,1
DA:22,3
DA:25,1
DA:29,2
DA:31,2
DA:32,3
DA:35,2
DA:39,1
DA:41,1
DA:42,3
DA:45,1
DA:49,2
DA:50,10
DA:52,1
DA:57,9
DA:61,9
DA:65,4
DA:67,4
DA:68,5
DA:69,5
DA:72,4
DA:81,6
DA:82,8
DA:87,2
DA:88,0
DA:91,2
DA:92,2
DA:93,2
DA:95,2
DA:96,10
DA:97,6
DA:99,4
DA:101,10
DA:102,3
DA:103,3
DA:106,2
LF:45
LH:44
BRDA:49,0,0,1
BRDA:49,0,1,1
BRDA:49,1,0,2
BRDA:49,1,1,2
BRDA:81,2,0,6
BRDA:81,2,1,3
BRDA:87,3,0,0
BRDA:87,3,1,2
BRDA:96,4,0,6
BRDA:96,4,1,4
BRDA:101,5,0,3
BRDA:101,5,1,7
BRF:12
BRH:11
end_of_record
TN:
SF:projects/ts-core/src/lib/utils/file.utils.ts
FN:5,(anonymous_0)
FNF:1
FNH:1
FNDA:1,(anonymous_0)
DA:6,1
DA:8,1
DA:10,1
LF:3
LH:3
BRDA:6,0,0,1
BRDA:6,0,1,0
BRDA:6,1,0,1
BRDA:6,1,1,1
BRF:4
BRH:3
end_of_record
TN:
SF:projects/ts-core/src/lib/utils/js.utils.ts
FN:3,(anonymous_0)
FN:4,(anonymous_1)
FN:7,(anonymous_2)
FN:8,(anonymous_3)
FN:11,(anonymous_4)
FN:18,(anonymous_5)
FN:29,(anonymous_6)
FN:37,(anonymous_7)
FN:45,(anonymous_8)
FN:58,(anonymous_9)
FN:76,(anonymous_10)
FN:90,(anonymous_11)
FN:108,(anonymous_12)
FN:115,(anonymous_13)
FN:126,(anonymous_14)
FN:138,(anonymous_15)
FN:142,(anonymous_16)
FN:143,(anonymous_17)
FN:146,(anonymous_18)
FNF:19
FNH:19
FNDA:1,(anonymous_0)
FNDA:1,(anonymous_1)
FNDA:1,(anonymous_2)
FNDA:1,(anonymous_3)
FNDA:1,(anonymous_4)
FNDA:8,(anonymous_5)
FNDA:1,(anonymous_6)
FNDA:2,(anonymous_7)
FNDA:7,(anonymous_8)
FNDA:4,(anonymous_9)
FNDA:1,(anonymous_10)
FNDA:21,(anonymous_11)
FNDA:2,(anonymous_12)
FNDA:2,(anonymous_13)
FNDA:9,(anonymous_14)
FNDA:27,(anonymous_15)
FNDA:1,(anonymous_16)
FNDA:1,(anonymous_17)
FNDA:5,(anonymous_18)
DA:4,1
DA:8,1
DA:12,1
DA:19,8
DA:20,6
DA:22,2
DA:30,1
DA:31,1
DA:33,0
DA:38,2
DA:39,1
DA:41,1
DA:46,7
DA:47,7
DA:48,9
DA:49,9
DA:50,8
DA:55,7
DA:59,4
DA:60,2
DA:63,2
DA:64,2
DA:65,5
DA:66,3
DA:67,2
DA:68,0
DA:73,2
DA:77,1
DA:78,3
DA:79,1
DA:83,1
DA:93,21
DA:94,8
DA:97,13
DA:98,2
DA:99,11
DA:100,2
DA:101,9
DA:102,9
DA:105,0
DA:110,2
DA:111,2
DA:112,2
DA:117,2
DA:119,2
DA:120,6
DA:123,2
DA:127,9
DA:129,9
DA:130,27
DA:131,7
DA:135,9
DA:139,27
DA:143,1
DA:144,1
DA:146,1
DA:147,5
DA:148,3
DA:149,1
DA:151,2
DA:153,4
DA:157,1
LF:62
LH:59
BRDA:19,0,0,6
BRDA:19,0,1,2
BRDA:19,1,0,8
BRDA:19,1,1,6
BRDA:30,2,0,1
BRDA:30,2,1,0
BRDA:30,3,0,1
BRDA:30,3,1,1
BRDA:38,4,0,1
BRDA:38,4,1,1
BRDA:48,5,0,9
BRDA:48,5,1,0
BRDA:49,6,0,8
BRDA:49,6,1,1
BRDA:59,7,0,2
BRDA:59,7,1,2
BRDA:63,8,0,2
BRDA:63,8,1,0
BRDA:65,9,0,3
BRDA:65,9,1,2
BRDA:67,10,0,0
BRDA:67,10,1,2
BRDA:78,11,0,1
BRDA:78,11,1,2
BRDA:78,12,0,3
BRDA:78,12,1,2
BRDA:93,13,0,8
BRDA:93,13,1,13
BRDA:93,14,0,21
BRDA:93,14,1,20
BRDA:97,15,0,2
BRDA:97,15,1,11
BRDA:99,16,0,2
BRDA:99,16,1,9
BRDA:101,17,0,9
BRDA:101,17,1,0
BRDA:130,18,0,7
BRDA:130,18,1,20
BRDA:130,19,0,27
BRDA:130,19,1,27
BRDA:139,20,0,27
BRDA:139,20,1,25
BRDA:139,20,2,23
BRDA:147,21,0,3
BRDA:147,21,1,2
BRDA:147,22,0,5
BRDA:147,22,1,3
BRDA:148,23,0,1
BRDA:148,23,1,2
BRF:49
BRH:44
end_of_record
TN:
SF:projects/ts-core/src/lib/utils/performance.utils.ts
FN:3,(anonymous_0)
FNF:1
FNH:1
FNDA:1,(anonymous_0)
DA:4,1
DA:5,1
DA:6,1
DA:8,1
DA:9,1
LF:5
LH:5
BRF:0
BRH:0
end_of_record
TN:
SF:projects/ts-core/src/lib/utils/string-utils.ts
FN:3,(anonymous_0)
FN:7,(anonymous_1)
FN:11,(anonymous_2)
FN:25,(anonymous_3)
FN:28,(anonymous_4)
FNF:5
FNH:5
FNDA:1,(anonymous_0)
FNDA:3,(anonymous_1)
FNDA:17,(anonymous_2)
FNDA:1,(anonymous_3)
FNDA:4,(anonymous_4)
DA:4,1
DA:8,3
DA:12,17
DA:14,17
DA:15,12
DA:17,17
DA:18,8
DA:21,17
DA:26,1
DA:28,1
DA:29,4
DA:32,3
DA:33,1
DA:37,2
DA:39,3
LF:15
LH:15
BRDA:14,0,0,29
BRDA:14,0,1,26
BRDA:17,1,0,25
BRDA:17,1,1,22
BRDA:29,2,0,3
BRDA:29,2,1,1
BRDA:29,3,0,4
BRDA:29,3,1,3
BRDA:32,4,0,1
BRDA:32,4,1,2
BRF:10
BRH:10
end_of_record
