TN:
SF:src/test.ts
FNF:0
FNH:0
DA:19,1
DA:24,1
DA:26,1
LF:3
LH:3
BRF:0
BRH:0
end_of_record
TN:
SF:src/lib/builder/url.builder.ts
FN:11,(anonymous_0)
FN:19,(anonymous_1)
FN:35,(anonymous_2)
FN:41,(anonymous_3)
FN:42,(anonymous_4)
FN:50,(anonymous_5)
FN:62,(anonymous_6)
FN:66,(anonymous_7)
FN:72,(anonymous_8)
FN:73,(anonymous_9)
FN:78,(anonymous_10)
FN:82,(anonymous_11)
FN:86,(anonymous_12)
FN:90,(anonymous_13)
FNF:14
FNH:13
FNDA:5,(anonymous_0)
FNDA:2,(anonymous_1)
FNDA:9,(anonymous_2)
FNDA:2,(anonymous_3)
FNDA:6,(anonymous_4)
FNDA:1,(anonymous_5)
FNDA:6,(anonymous_6)
FNDA:10,(anonymous_7)
FNDA:2,(anonymous_8)
FNDA:4,(anonymous_9)
FNDA:5,(anonymous_10)
FNDA:4,(anonymous_11)
FNDA:0,(anonymous_12)
FNDA:5,(anonymous_13)
DA:8,5
DA:9,5
DA:12,5
DA:20,2
DA:21,2
DA:23,2
DA:25,2
DA:26,2
DA:29,2
DA:36,9
DA:38,9
DA:42,6
DA:44,2
DA:51,1
DA:52,1
DA:55,1
DA:57,1
DA:63,6
DA:64,1
DA:65,5
DA:66,10
DA:69,6
DA:73,4
DA:75,2
DA:79,5
DA:83,4
DA:87,0
DA:91,5
DA:92,4
DA:95,5
DA:96,3
DA:99,5
LF:32
LH:31
BRDA:25,0,0,2
BRDA:25,0,1,0
BRDA:51,1,0,1
BRDA:51,1,1,0
BRDA:63,2,0,1
BRDA:63,2,1,5
BRDA:65,3,0,5
BRDA:65,3,1,0
BRDA:91,4,0,4
BRDA:91,4,1,1
BRDA:95,5,0,3
BRDA:95,5,1,2
BRF:12
BRH:9
end_of_record
TN:
SF:src/lib/iterator/paging.iterator.ts
FN:7,(anonymous_0)
FN:12,(anonymous_1)
FN:24,(anonymous_2)
FNF:3
FNH:0
FNDA:0,(anonymous_0)
FNDA:0,(anonymous_1)
FNDA:0,(anonymous_2)
DA:3,0
DA:8,0
DA:9,0
DA:13,0
DA:14,0
DA:15,0
DA:16,0
DA:18,0
DA:25,0
LF:9
LH:0
BRF:0
BRH:0
end_of_record
TN:
SF:src/lib/mapper/base.mapper.ts
FN:7,(anonymous_0)
FN:10,(anonymous_1)
FN:12,(anonymous_2)
FN:18,(anonymous_3)
FN:22,(anonymous_4)
FN:23,(anonymous_5)
FN:26,(anonymous_6)
FNF:7
FNH:0
FNDA:0,(anonymous_0)
FNDA:0,(anonymous_1)
FNDA:0,(anonymous_2)
FNDA:0,(anonymous_3)
FNDA:0,(anonymous_4)
FNDA:0,(anonymous_5)
FNDA:0,(anonymous_6)
DA:7,0
DA:11,0
DA:12,0
DA:14,0
DA:19,0
DA:23,0
DA:27,0
DA:28,0
DA:30,0
LF:9
LH:0
BRDA:11,0,0,0
BRDA:11,0,1,0
BRDA:27,1,0,0
BRDA:27,1,1,0
BRF:4
BRH:0
end_of_record
TN:
SF:src/lib/mapper/generic.mapper.ts
FN:5,(anonymous_0)
FN:9,(anonymous_1)
FN:13,(anonymous_2)
FNF:3
FNH:0
FNDA:0,(anonymous_0)
FNDA:0,(anonymous_1)
FNDA:0,(anonymous_2)
DA:6,0
DA:10,0
DA:14,0
DA:16,0
DA:17,0
DA:20,0
LF:6
LH:0
BRF:0
BRH:0
end_of_record
TN:
SF:src/lib/utils/array.utils.ts
FN:3,(anonymous_0)
FN:9,(anonymous_1)
FN:18,(anonymous_2)
FN:28,(anonymous_3)
FN:38,(anonymous_4)
FN:48,(anonymous_5)
FN:50,(anonymous_6)
FN:56,(anonymous_7)
FN:57,(anonymous_8)
FNF:9
FNH:0
FNDA:0,(anonymous_0)
FNDA:0,(anonymous_1)
FNDA:0,(anonymous_2)
FNDA:0,(anonymous_3)
FNDA:0,(anonymous_4)
FNDA:0,(anonymous_5)
FNDA:0,(anonymous_6)
FNDA:0,(anonymous_7)
FNDA:0,(anonymous_8)
DA:4,0
DA:5,0
DA:6,0
DA:10,0
DA:11,0
DA:12,0
DA:13,0
DA:14,0
DA:19,0
DA:21,0
DA:22,0
DA:25,0
DA:29,0
DA:31,0
DA:32,0
DA:35,0
DA:39,0
DA:41,0
DA:42,0
DA:45,0
DA:49,0
DA:50,0
DA:52,0
DA:57,0
LF:24
LH:0
BRDA:49,0,0,0
BRDA:49,0,1,0
BRDA:49,1,0,0
BRDA:49,1,1,0
BRF:4
BRH:0
end_of_record
TN:
SF:src/lib/utils/file.utils.ts
FN:5,(anonymous_0)
FNF:1
FNH:0
FNDA:0,(anonymous_0)
DA:6,0
DA:8,0
DA:10,0
LF:3
LH:0
BRDA:6,0,0,0
BRDA:6,0,1,0
BRDA:6,1,0,0
BRDA:6,1,1,0
BRF:4
BRH:0
end_of_record
TN:
SF:src/lib/utils/js.utils.ts
FN:2,(anonymous_0)
FN:3,(anonymous_1)
FN:6,(anonymous_2)
FN:7,(anonymous_3)
FN:10,(anonymous_4)
FN:14,(anonymous_5)
FN:22,(anonymous_6)
FN:30,(anonymous_7)
FN:38,(anonymous_8)
FN:51,(anonymous_9)
FN:63,(anonymous_10)
FN:77,(anonymous_11)
FN:95,(anonymous_12)
FN:102,(anonymous_13)
FN:113,(anonymous_14)
FN:125,(anonymous_15)
FNF:16
FNH:0
FNDA:0,(anonymous_0)
FNDA:0,(anonymous_1)
FNDA:0,(anonymous_2)
FNDA:0,(anonymous_3)
FNDA:0,(anonymous_4)
FNDA:0,(anonymous_5)
FNDA:0,(anonymous_6)
FNDA:0,(anonymous_7)
FNDA:0,(anonymous_8)
FNDA:0,(anonymous_9)
FNDA:0,(anonymous_10)
FNDA:0,(anonymous_11)
FNDA:0,(anonymous_12)
FNDA:0,(anonymous_13)
FNDA:0,(anonymous_14)
FNDA:0,(anonymous_15)
DA:3,0
DA:7,0
DA:11,0
DA:15,0
DA:16,0
DA:18,0
DA:23,0
DA:24,0
DA:26,0
DA:31,0
DA:32,0
DA:34,0
DA:39,0
DA:40,0
DA:41,0
DA:42,0
DA:43,0
DA:48,0
DA:52,0
DA:53,0
DA:55,0
DA:56,0
DA:57,0
DA:60,0
DA:64,0
DA:65,0
DA:66,0
DA:70,0
DA:80,0
DA:81,0
DA:84,0
DA:85,0
DA:86,0
DA:87,0
DA:88,0
DA:89,0
DA:92,0
DA:97,0
DA:98,0
DA:99,0
DA:104,0
DA:106,0
DA:107,0
DA:110,0
DA:114,0
DA:116,0
DA:117,0
DA:118,0
DA:122,0
DA:126,0
LF:50
LH:0
BRDA:15,0,0,0
BRDA:15,0,1,0
BRDA:15,1,0,0
BRDA:15,1,1,0
BRDA:23,2,0,0
BRDA:23,2,1,0
BRDA:23,3,0,0
BRDA:23,3,1,0
BRDA:31,4,0,0
BRDA:31,4,1,0
BRDA:41,5,0,0
BRDA:41,5,1,0
BRDA:42,6,0,0
BRDA:42,6,1,0
BRDA:52,7,0,0
BRDA:52,7,1,0
BRDA:55,8,0,0
BRDA:55,8,1,0
BRDA:65,9,0,0
BRDA:65,9,1,0
BRDA:65,10,0,0
BRDA:65,10,1,0
BRDA:80,11,0,0
BRDA:80,11,1,0
BRDA:80,12,0,0
BRDA:80,12,1,0
BRDA:84,13,0,0
BRDA:84,13,1,0
BRDA:86,14,0,0
BRDA:86,14,1,0
BRDA:88,15,0,0
BRDA:88,15,1,0
BRDA:117,16,0,0
BRDA:117,16,1,0
BRDA:117,17,0,0
BRDA:117,17,1,0
BRDA:126,18,0,0
BRDA:126,18,1,0
BRDA:126,18,2,0
BRF:39
BRH:0
end_of_record
TN:
SF:src/lib/utils/performance.utils.ts
FN:3,(anonymous_0)
FNF:1
FNH:0
FNDA:0,(anonymous_0)
DA:4,0
DA:5,0
DA:6,0
DA:8,0
DA:9,0
LF:5
LH:0
BRF:0
BRH:0
end_of_record
TN:
SF:src/lib/utils/string-utils.ts
FN:3,(anonymous_0)
FN:7,(anonymous_1)
FN:11,(anonymous_2)
FN:25,(anonymous_3)
FN:28,(anonymous_4)
FNF:5
FNH:1
FNDA:0,(anonymous_0)
FNDA:0,(anonymous_1)
FNDA:3,(anonymous_2)
FNDA:0,(anonymous_3)
FNDA:0,(anonymous_4)
DA:4,0
DA:8,0
DA:12,3
DA:14,3
DA:15,2
DA:17,3
DA:18,0
DA:21,3
DA:26,0
DA:28,0
DA:29,0
DA:32,0
DA:33,0
DA:37,0
DA:39,0
LF:15
LH:5
BRDA:14,0,0,5
BRDA:14,0,1,5
BRDA:17,1,0,3
BRDA:17,1,1,3
BRDA:29,2,0,0
BRDA:29,2,1,0
BRDA:29,3,0,0
BRDA:29,3,1,0
BRDA:32,4,0,0
BRDA:32,4,1,0
BRF:10
BRH:4
end_of_record
