TN:
SF:src/test.ts
FNF:0
FNH:0
DA:19,1
DA:24,1
DA:26,1
LF:3
LH:3
BRF:0
BRH:0
end_of_record
TN:
SF:src/lib/builder/url.builder.ts
FN:9,(anonymous_0)
FN:13,(anonymous_1)
FN:17,(anonymous_2)
FN:21,(anonymous_3)
FNF:4
FNH:4
FNDA:2,(anonymous_0)
FNDA:2,(anonymous_1)
FNDA:2,(anonymous_2)
FNDA:2,(anonymous_3)
DA:6,2
DA:7,2
DA:10,2
DA:14,2
DA:18,2
DA:22,2
DA:23,1
DA:26,2
DA:27,1
DA:30,2
LF:10
LH:10
BRDA:22,0,0,1
BRDA:22,0,1,1
BRDA:26,1,0,1
BRDA:26,1,1,1
BRF:4
BRH:4
end_of_record
TN:
SF:src/lib/mapper/base.mapper.ts
FN:5,(anonymous_0)
FN:8,(anonymous_1)
FN:10,(anonymous_2)
FN:16,(anonymous_3)
FN:20,(anonymous_4)
FN:21,(anonymous_5)
FN:24,(anonymous_6)
FNF:7
FNH:7
FNDA:6,(anonymous_0)
FNDA:5,(anonymous_1)
FNDA:3,(anonymous_2)
FNDA:3,(anonymous_3)
FNDA:1,(anonymous_4)
FNDA:2,(anonymous_5)
FNDA:3,(anonymous_6)
DA:5,6
DA:9,5
DA:10,3
DA:12,4
DA:17,3
DA:21,2
DA:25,3
DA:26,1
DA:28,2
LF:9
LH:9
BRDA:9,0,0,1
BRDA:9,0,1,4
BRDA:25,1,0,1
BRDA:25,1,1,2
BRF:4
BRH:4
end_of_record
TN:
SF:src/lib/mapper/generic.mapper.ts
FN:5,(anonymous_0)
FN:9,(anonymous_1)
FN:13,(anonymous_2)
FNF:3
FNH:3
FNDA:5,(anonymous_0)
FNDA:6,(anonymous_1)
FNDA:1,(anonymous_2)
DA:6,5
DA:10,6
DA:14,1
DA:16,1
DA:17,2
DA:20,1
LF:6
LH:6
BRF:0
BRH:0
end_of_record
TN:
SF:src/lib/utils/array.utils.ts
FN:3,(anonymous_0)
FN:9,(anonymous_1)
FN:18,(anonymous_2)
FN:28,(anonymous_3)
FN:38,(anonymous_4)
FN:48,(anonymous_5)
FN:50,(anonymous_6)
FN:56,(anonymous_7)
FN:57,(anonymous_8)
FNF:9
FNH:9
FNDA:1,(anonymous_0)
FNDA:1,(anonymous_1)
FNDA:1,(anonymous_2)
FNDA:2,(anonymous_3)
FNDA:1,(anonymous_4)
FNDA:2,(anonymous_5)
FNDA:10,(anonymous_6)
FNDA:1,(anonymous_7)
FNDA:9,(anonymous_8)
DA:4,1
DA:5,1
DA:6,1
DA:10,1
DA:11,8
DA:12,8
DA:13,8
DA:14,8
DA:19,1
DA:21,1
DA:22,3
DA:25,1
DA:29,2
DA:31,2
DA:32,3
DA:35,2
DA:39,1
DA:41,1
DA:42,3
DA:45,1
DA:49,2
DA:50,10
DA:52,1
DA:57,9
LF:24
LH:24
BRDA:49,0,0,1
BRDA:49,0,1,1
BRDA:49,1,0,2
BRDA:49,1,1,2
BRF:4
BRH:4
end_of_record
TN:
SF:src/lib/utils/js.utils.ts
FN:2,(anonymous_0)
FN:3,(anonymous_1)
FN:6,(anonymous_2)
FN:7,(anonymous_3)
FN:10,(anonymous_4)
FN:14,(anonymous_5)
FN:22,(anonymous_6)
FN:30,(anonymous_7)
FN:38,(anonymous_8)
FN:51,(anonymous_9)
FN:63,(anonymous_10)
FN:77,(anonymous_11)
FN:95,(anonymous_12)
FN:102,(anonymous_13)
FN:113,(anonymous_14)
FN:125,(anonymous_15)
FNF:16
FNH:16
FNDA:1,(anonymous_0)
FNDA:1,(anonymous_1)
FNDA:1,(anonymous_2)
FNDA:1,(anonymous_3)
FNDA:1,(anonymous_4)
FNDA:8,(anonymous_5)
FNDA:1,(anonymous_6)
FNDA:2,(anonymous_7)
FNDA:7,(anonymous_8)
FNDA:6,(anonymous_9)
FNDA:1,(anonymous_10)
FNDA:21,(anonymous_11)
FNDA:2,(anonymous_12)
FNDA:2,(anonymous_13)
FNDA:9,(anonymous_14)
FNDA:27,(anonymous_15)
DA:3,1
DA:7,1
DA:11,1
DA:15,8
DA:16,6
DA:18,2
DA:23,1
DA:24,1
DA:26,0
DA:31,2
DA:32,1
DA:34,1
DA:39,7
DA:40,7
DA:41,9
DA:42,9
DA:43,8
DA:48,7
DA:52,6
DA:53,2
DA:55,4
DA:56,2
DA:57,5
DA:60,4
DA:64,1
DA:65,3
DA:66,1
DA:70,1
DA:80,21
DA:81,8
DA:84,13
DA:85,2
DA:86,11
DA:87,2
DA:88,9
DA:89,9
DA:92,0
DA:97,2
DA:98,2
DA:99,2
DA:104,2
DA:106,2
DA:107,6
DA:110,2
DA:114,9
DA:116,9
DA:117,27
DA:118,7
DA:122,9
DA:126,27
LF:50
LH:48
BRDA:15,0,0,6
BRDA:15,0,1,2
BRDA:15,1,0,8
BRDA:15,1,1,6
BRDA:23,2,0,1
BRDA:23,2,1,0
BRDA:23,3,0,1
BRDA:23,3,1,1
BRDA:31,4,0,1
BRDA:31,4,1,1
BRDA:41,5,0,9
BRDA:41,5,1,0
BRDA:42,6,0,8
BRDA:42,6,1,1
BRDA:52,7,0,2
BRDA:52,7,1,4
BRDA:55,8,0,2
BRDA:55,8,1,2
BRDA:65,9,0,1
BRDA:65,9,1,2
BRDA:65,10,0,3
BRDA:65,10,1,2
BRDA:80,11,0,8
BRDA:80,11,1,13
BRDA:80,12,0,21
BRDA:80,12,1,20
BRDA:84,13,0,2
BRDA:84,13,1,11
BRDA:86,14,0,2
BRDA:86,14,1,9
BRDA:88,15,0,9
BRDA:88,15,1,0
BRDA:117,16,0,7
BRDA:117,16,1,20
BRDA:117,17,0,27
BRDA:117,17,1,27
BRDA:126,18,0,27
BRDA:126,18,1,25
BRDA:126,18,2,23
BRF:39
BRH:36
end_of_record
TN:
SF:src/lib/utils/performance.utils.ts
FN:3,(anonymous_0)
FNF:1
FNH:1
FNDA:1,(anonymous_0)
DA:4,1
DA:5,1
DA:6,1
DA:8,1
DA:9,1
LF:5
LH:5
BRF:0
BRH:0
end_of_record
TN:
SF:src/lib/utils/string-utils.ts
FN:2,(anonymous_0)
FN:6,(anonymous_1)
FN:12,(anonymous_2)
FN:15,(anonymous_3)
FNF:4
FNH:4
FNDA:1,(anonymous_0)
FNDA:1,(anonymous_1)
FNDA:1,(anonymous_2)
FNDA:4,(anonymous_3)
DA:3,1
DA:7,1
DA:13,1
DA:15,1
DA:16,4
DA:19,3
DA:20,1
DA:24,2
DA:26,3
LF:9
LH:9
BRDA:16,0,0,3
BRDA:16,0,1,1
BRDA:16,1,0,4
BRDA:16,1,1,3
BRDA:19,2,0,1
BRDA:19,2,1,2
BRF:6
BRH:6
end_of_record
