TN:
SF:src/test.ts
FNF:0
FNH:0
DA:19,1
DA:24,1
DA:26,1
LF:3
LH:3
BRF:0
BRH:0
end_of_record
TN:
SF:src/lib/components/base-game-score.component.ts
FNF:0
FNH:0
DA:5,1
LF:1
LH:1
BRF:0
BRH:0
end_of_record
TN:
SF:src/lib/components/hockeydata-game-score/hockeydata-game-score.component.ts
FNF:0
FNH:0
DA:9,1
LF:1
LH:1
BRF:0
BRH:0
end_of_record
TN:
SF:src/lib/components/hockeydata-game-score-preview/hockeydata-game-score-preview.component.ts
FNF:0
FNH:0
DA:9,1
LF:1
LH:1
BRF:0
BRH:0
end_of_record
TN:
SF:src/lib/components/hockeydata-standings/base-hockeydata-standings.component.ts
FNF:0
FNH:0
DA:5,1
DA:10,2
DA:13,2
LF:3
LH:3
BRF:0
BRH:0
end_of_record
TN:
SF:src/lib/components/hockeydata-standings/hockeydata-standings-compact/hockeydata-standings-compact.component.ts
FNF:0
FNH:0
DA:9,1
LF:1
LH:1
BRF:0
BRH:0
end_of_record
TN:
SF:src/lib/components/hockeydata-standings/hockeydata-standings-standard/hockeydata-standings-standard.component.ts
FNF:0
FNH:0
DA:11,1
LF:1
LH:1
BRF:0
BRH:0
end_of_record
TN:
SF:src/lib/components/period-display/period-display.component.ts
FNF:0
FNH:0
DA:9,1
LF:1
LH:1
BRF:0
BRH:0
end_of_record
TN:
SF:src/lib/components/team-display/team-display.component.ts
FNF:0
FNH:0
DA:10,1
DA:18,1
LF:2
LH:2
BRF:0
BRH:0
end_of_record
TN:
SF:src/lib/pipes/hockeydata-period.pipe.ts
FN:6,(anonymous_0)
FNF:1
FNH:1
FNDA:10,(anonymous_0)
DA:4,1
DA:7,10
DA:8,10
DA:10,1
DA:12,1
DA:14,1
DA:16,7
LF:7
LH:7
BRDA:9,0,0,1
BRDA:9,0,1,1
BRDA:9,0,2,1
BRDA:9,0,3,7
BRF:4
BRH:4
end_of_record
